Using pre-set license
Built from '2021.3/staging' branch; Version is '2021.3.23f1 (213b516bf396) revision 2177873'; Using compiler version '192829333'; Build Type 'Release'
OS: 'Windows 10  (10.0.19045) 64bit Professional' Language: 'ko' Physical Memory: 16318 MB
BatchMode: 1, IsHumanControllingUs: 0, StartBugReporterOnCrash: 0, Is64bit: 1, IsPro: 1

COMMAND LINE ARGUMENTS:
C:\Program Files\Unity\Hub\Editor\2021.3.23f1\Editor\Unity.exe
-adb2
-batchMode
-noUpm
-name
AssetImportWorker4
-projectPath
C:/Users/Administrator/Documents/Unity3D/GameFrameWork
-logFile
Logs/AssetImportWorker4.log
-srvPort
59170
Successfully changed project path to: C:/Users/Administrator/Documents/Unity3D/GameFrameWork
C:/Users/Administrator/Documents/Unity3D/GameFrameWork
[UnityMemory] Configuration Parameters - Can be set up in boot.config
    "memorysetup-bucket-allocator-granularity=16"
    "memorysetup-bucket-allocator-bucket-count=8"
    "memorysetup-bucket-allocator-block-size=33554432"
    "memorysetup-bucket-allocator-block-count=8"
    "memorysetup-main-allocator-block-size=16777216"
    "memorysetup-thread-allocator-block-size=16777216"
    "memorysetup-gfx-main-allocator-block-size=16777216"
    "memorysetup-gfx-thread-allocator-block-size=16777216"
    "memorysetup-cache-allocator-block-size=4194304"
    "memorysetup-typetree-allocator-block-size=2097152"
    "memorysetup-profiler-bucket-allocator-granularity=16"
    "memorysetup-profiler-bucket-allocator-bucket-count=8"
    "memorysetup-profiler-bucket-allocator-block-size=33554432"
    "memorysetup-profiler-bucket-allocator-block-count=8"
    "memorysetup-profiler-allocator-block-size=16777216"
    "memorysetup-profiler-editor-allocator-block-size=1048576"
    "memorysetup-temp-allocator-size-main=16777216"
    "memorysetup-job-temp-allocator-block-size=2097152"
    "memorysetup-job-temp-allocator-block-size-background=1048576"
    "memorysetup-job-temp-allocator-reduction-small-platforms=262144"
    "memorysetup-temp-allocator-size-background-worker=32768"
    "memorysetup-temp-allocator-size-job-worker=262144"
    "memorysetup-temp-allocator-size-preload-manager=33554432"
    "memorysetup-temp-allocator-size-nav-mesh-worker=65536"
    "memorysetup-temp-allocator-size-audio-worker=65536"
    "memorysetup-temp-allocator-size-cloud-worker=32768"
    "memorysetup-temp-allocator-size-gi-baking-worker=262144"
    "memorysetup-temp-allocator-size-gfx=262144"
Player connection [24444] Host "[IP] 192.168.1.118 [Port] 0 [Flags] 2 [Guid] 3109573155 [EditorId] 3109573155 [Version] 1048832 [Id] WindowsEditor(7,DESKTOP-4UNEB7C) [Debug] 1 [PackageName] WindowsEditor [ProjectName] Editor" joined multi-casting on [225.0.0.222:54997]...

Player connection [24444] Host "[IP] 192.168.1.118 [Port] 0 [Flags] 2 [Guid] 3109573155 [EditorId] 3109573155 [Version] 1048832 [Id] WindowsEditor(7,DESKTOP-4UNEB7C) [Debug] 1 [PackageName] WindowsEditor [ProjectName] Editor" joined alternative multi-casting on [225.0.0.222:34997]...

Refreshing native plugins compatible for Editor in 80.39 ms, found 3 plugins.
Preloading 0 native plugins for Editor in 0.00 ms.
Initialize engine version: 2021.3.23f1 (213b516bf396)
[Subsystems] Discovering subsystems at path C:/Program Files/Unity/Hub/Editor/2021.3.23f1/Editor/Data/Resources/UnitySubsystems
[Subsystems] Discovering subsystems at path C:/Users/Administrator/Documents/Unity3D/GameFrameWork/Assets
GfxDevice: creating device client; threaded=0; jobified=0
Direct3D:
    Version:  Direct3D 11.0 [level 11.1]
    Renderer: NVIDIA GeForce GTX 1660 (ID=0x2184)
    Vendor:   NVIDIA
    VRAM:     5991 MB
    Driver:   27.21.14.5671
Initialize mono
Mono path[0] = 'C:/Program Files/Unity/Hub/Editor/2021.3.23f1/Editor/Data/Managed'
Mono path[1] = 'C:/Program Files/Unity/Hub/Editor/2021.3.23f1/Editor/Data/MonoBleedingEdge/lib/mono/unityjit-win32'
Mono config path = 'C:/Program Files/Unity/Hub/Editor/2021.3.23f1/Editor/Data/MonoBleedingEdge/etc'
Using monoOptions --debugger-agent=transport=dt_socket,embedding=1,server=y,suspend=n,address=127.0.0.1:56736
Begin MonoManager ReloadAssembly
Registering precompiled unity dll's ...
Register platform support module: C:/Program Files/Unity/Hub/Editor/2021.3.23f1/Editor/Data/PlaybackEngines/WindowsStandaloneSupport/UnityEditor.WindowsStandalone.Extensions.dll
Registered in 0.014998 seconds.
Native extension for WindowsStandalone target not found
Refreshing native plugins compatible for Editor in 76.49 ms, found 3 plugins.
Preloading 0 native plugins for Editor in 0.00 ms.
Mono: successfully reloaded assembly
- Completed reload, in  0.655 seconds
Domain Reload Profiling:
	ReloadAssembly (656ms)
		BeginReloadAssembly (109ms)
			ExecutionOrderSort (0ms)
			DisableScriptedObjects (0ms)
			BackupInstance (0ms)
			ReleaseScriptingObjects (0ms)
			CreateAndSetChildDomain (1ms)
		EndReloadAssembly (426ms)
			LoadAssemblies (105ms)
			RebuildTransferFunctionScriptingTraits (0ms)
			SetupTypeCache (100ms)
			ReleaseScriptCaches (0ms)
			RebuildScriptCaches (27ms)
			SetupLoadedEditorAssemblies (248ms)
				LogAssemblyErrors (0ms)
				InitializePlatformSupportModulesInManaged (10ms)
				SetLoadedEditorAssemblies (0ms)
				RefreshPlugins (77ms)
				BeforeProcessingInitializeOnLoad (1ms)
				ProcessInitializeOnLoadAttributes (109ms)
				ProcessInitializeOnLoadMethodAttributes (51ms)
				AfterProcessingInitializeOnLoad (0ms)
				EditorAssembliesLoaded (0ms)
			ExecutionOrderSort2 (0ms)
			AwakeInstancesAfterBackupRestoration (0ms)
Platform modules already initialized, skipping
Registering precompiled user dll's ...
Registered in 0.009107 seconds.
Begin MonoManager ReloadAssembly
Symbol file LoadedFromMemory doesn't match image C:\Users\Administrator\Documents\Unity3D\GameFrameWork\Library\PackageCache\com.unity.visualscripting@1.8.0\Editor\VisualScripting.Core\Dependencies\YamlDotNet\Unity.VisualScripting.YamlDotNet.dll
Symbol file LoadedFromMemory doesn't match image C:\Users\Administrator\Documents\Unity3D\GameFrameWork\Library\PackageCache\com.unity.visualscripting@1.8.0\Editor\VisualScripting.Core\Dependencies\DotNetZip\Unity.VisualScripting.IonicZip.dll
Native extension for WindowsStandalone target not found
Refreshing native plugins compatible for Editor in 81.83 ms, found 3 plugins.
Preloading 0 native plugins for Editor in 0.00 ms.
Mono: successfully reloaded assembly
- Completed reload, in  1.691 seconds
Domain Reload Profiling:
	ReloadAssembly (1692ms)
		BeginReloadAssembly (209ms)
			ExecutionOrderSort (0ms)
			DisableScriptedObjects (6ms)
			BackupInstance (0ms)
			ReleaseScriptingObjects (0ms)
			CreateAndSetChildDomain (27ms)
		EndReloadAssembly (1322ms)
			LoadAssemblies (184ms)
			RebuildTransferFunctionScriptingTraits (0ms)
			SetupTypeCache (389ms)
			ReleaseScriptCaches (1ms)
			RebuildScriptCaches (66ms)
			SetupLoadedEditorAssemblies (694ms)
				LogAssemblyErrors (0ms)
				InitializePlatformSupportModulesInManaged (7ms)
				SetLoadedEditorAssemblies (0ms)
				RefreshPlugins (82ms)
				BeforeProcessingInitializeOnLoad (102ms)
				ProcessInitializeOnLoadAttributes (421ms)
				ProcessInitializeOnLoadMethodAttributes (64ms)
				AfterProcessingInitializeOnLoad (16ms)
				EditorAssembliesLoaded (0ms)
			ExecutionOrderSort2 (0ms)
			AwakeInstancesAfterBackupRestoration (14ms)
Platform modules already initialized, skipping
========================================================================
Worker process is ready to serve import requests
Launched and connected shader compiler UnityShaderCompiler.exe after 0.10 seconds
Refreshing native plugins compatible for Editor in 1.21 ms, found 3 plugins.
Preloading 0 native plugins for Editor in 0.00 ms.
Unloading 3609 Unused Serialized files (Serialized files now loaded: 0)
Unloading 86 unused Assets / (11.0 MB). Loaded Objects now: 4012.
Memory consumption went from 236.7 MB to 225.8 MB.
Total: 7.444600 ms (FindLiveObjects: 0.339500 ms CreateObjectMapping: 0.191700 ms MarkObjects: 2.190600 ms  DeleteObjects: 4.721900 ms)

AssetImportParameters requested are different than current active one (requested -> active):
  custom:video-decoder-ogg-theora: a1e56fd34408186e4bbccfd4996cb3dc -> 
  custom:container-muxer-webm: aa71ff27fc2769a1b78a27578f13a17b -> 
  custom:container-demuxer-webm: 4f35f7cbe854078d1ac9338744f61a02 -> 
  custom:video-encoder-webm-vp8: eb34c28f22e8b96e1ab97ce403110664 -> 
  custom:audio-encoder-webm-vorbis: bf7c407c2cedff20999df2af8eb42d56 -> 
  custom:framework-win-MediaFoundation: 216162199b28c13a410421893ffa2e32 -> 
  custom:container-demuxer-ogg: 62fdf1f143b41e24485cea50d1cbac27 -> 
  custom:video-decoder-webm-vp8: 9c59270c3fd7afecdb556c50c9e8de78 -> 
  custom:audio-decoder-ogg-vorbis: bf7c407c2cedff20999df2af8eb42d56 -> 
========================================================================
Received Import Request.
  Time since last request: 459684.159155 seconds.
  path: Assets/Hovl Studio/HSFiles/Models/Conus.fbx
  artifactKey: Guid(25ce058c1e3d07645ad3c004b15c262c) Importer(815301076,1909f56bfc062723c751e8b465ee728b)
Start importing Assets/Hovl Studio/HSFiles/Models/Conus.fbx using Guid(25ce058c1e3d07645ad3c004b15c262c) Importer(815301076,1909f56bfc062723c751e8b465ee728b)  -> (artifact id: '59d57541f317204be4b786732831cb32') in 0.287116 seconds 
========================================================================
Received Import Request.
  Time since last request: 1.688509 seconds.
  path: Assets/Hovl Studio/HSFiles/Sounds/Hit Skill9.wav
  artifactKey: Guid(80a04f4eb8c56a24c82b1f4314f0ba78) Importer(815301076,1909f56bfc062723c751e8b465ee728b)
Start importing Assets/Hovl Studio/HSFiles/Sounds/Hit Skill9.wav using Guid(80a04f4eb8c56a24c82b1f4314f0ba78) Importer(815301076,1909f56bfc062723c751e8b465ee728b)  -> (artifact id: 'd42d1507e2e8d11d9eab1ec37777a75a') in 0.251793 seconds 
========================================================================
Received Import Request.
  Time since last request: 0.000032 seconds.
  path: Assets/Hovl Studio/HSFiles/Sounds/Skill 10.wav
  artifactKey: Guid(bfca528ec585a864ebff437b4ab6d80e) Importer(815301076,1909f56bfc062723c751e8b465ee728b)
Start importing Assets/Hovl Studio/HSFiles/Sounds/Skill 10.wav using Guid(bfca528ec585a864ebff437b4ab6d80e) Importer(815301076,1909f56bfc062723c751e8b465ee728b)  -> (artifact id: '9b017b591a35c906d8ac5893fea3a08c') in 0.028349 seconds 
========================================================================
Received Import Request.
  Time since last request: 0.000043 seconds.
  path: Assets/Hovl Studio/HSFiles/Sounds/Skill 9.wav
  artifactKey: Guid(55c745a0fc7464e448b6120951de8779) Importer(815301076,1909f56bfc062723c751e8b465ee728b)
Start importing Assets/Hovl Studio/HSFiles/Sounds/Skill 9.wav using Guid(55c745a0fc7464e448b6120951de8779) Importer(815301076,1909f56bfc062723c751e8b465ee728b)  -> (artifact id: '2c2ead1a3e2d97026330ba2aca563d72') in 0.020069 seconds 
========================================================================
Received Import Request.
  Time since last request: 1.403954 seconds.
  path: Assets/Hovl Studio/HSFiles/Settings/PP low.asset
  artifactKey: Guid(70629691e8eede744b1c85c9ddcc4bc4) Importer(815301076,1909f56bfc062723c751e8b465ee728b)
Start importing Assets/Hovl Studio/HSFiles/Settings/PP low.asset using Guid(70629691e8eede744b1c85c9ddcc4bc4) Importer(815301076,1909f56bfc062723c751e8b465ee728b)  -> (artifact id: 'f9222c4d0bcdbac931d213be2ddbac84') in 0.015388 seconds 
========================================================================
Received Import Request.
  Time since last request: 1.186390 seconds.
  path: Assets/Hovl Studio/HSFiles/Textures/Circle8.png
  artifactKey: Guid(7dcb8a9c3f171064387b66c3e553ab24) Importer(815301076,1909f56bfc062723c751e8b465ee728b)
Start importing Assets/Hovl Studio/HSFiles/Textures/Circle8.png using Guid(7dcb8a9c3f171064387b66c3e553ab24) Importer(815301076,1909f56bfc062723c751e8b465ee728b)  -> (artifact id: '8a3349d762e9e63d39852cab5f4e10ac') in 0.076442 seconds 
========================================================================
Received Import Request.
  Time since last request: 0.000024 seconds.
  path: Assets/Hovl Studio/HSFiles/Textures/Trail29.png
  artifactKey: Guid(b1f8d78a5fe9ad94cb9f2eaa2f795e1e) Importer(815301076,1909f56bfc062723c751e8b465ee728b)
Start importing Assets/Hovl Studio/HSFiles/Textures/Trail29.png using Guid(b1f8d78a5fe9ad94cb9f2eaa2f795e1e) Importer(815301076,1909f56bfc062723c751e8b465ee728b)  -> (artifact id: '0caeedfea216474f95e09158066bdcd0') in 0.026820 seconds 
========================================================================
Received Import Request.
  Time since last request: 0.000032 seconds.
  path: Assets/Hovl Studio/HSFiles/Textures/Flower2.png
  artifactKey: Guid(79e3a040570b6c640a988b87b9c97b16) Importer(815301076,1909f56bfc062723c751e8b465ee728b)
Start importing Assets/Hovl Studio/HSFiles/Textures/Flower2.png using Guid(79e3a040570b6c640a988b87b9c97b16) Importer(815301076,1909f56bfc062723c751e8b465ee728b)  -> (artifact id: '0dfd05ecd65eb854e92b4303c988ea9d') in 0.020805 seconds 
========================================================================
Received Import Request.
  Time since last request: 0.000079 seconds.
  path: Assets/Hovl Studio/HSFiles/Textures/MagicCircle31.png
  artifactKey: Guid(4ad4d3955b11b5341961d936c3771207) Importer(815301076,1909f56bfc062723c751e8b465ee728b)
Start importing Assets/Hovl Studio/HSFiles/Textures/MagicCircle31.png using Guid(4ad4d3955b11b5341961d936c3771207) Importer(815301076,1909f56bfc062723c751e8b465ee728b)  -> (artifact id: 'b43e524ece4076cacd672a17f079acf7') in 0.023161 seconds 
========================================================================
Received Import Request.
  Time since last request: 0.000023 seconds.
  path: Assets/Hovl Studio/HSFiles/Textures/Point19.png
  artifactKey: Guid(4b0225a5290cbe540bc56e26a8682db2) Importer(815301076,1909f56bfc062723c751e8b465ee728b)
Start importing Assets/Hovl Studio/HSFiles/Textures/Point19.png using Guid(4b0225a5290cbe540bc56e26a8682db2) Importer(815301076,1909f56bfc062723c751e8b465ee728b)  -> (artifact id: '5aa958f58dc20483c628d4d55dea272c') in 0.024204 seconds 
========================================================================
Received Import Request.
  Time since last request: 0.000038 seconds.
  path: Assets/Hovl Studio/HSFiles/Textures/Trail25.png
  artifactKey: Guid(63e298374ab0c384ebe243e627781d4c) Importer(815301076,1909f56bfc062723c751e8b465ee728b)
Start importing Assets/Hovl Studio/HSFiles/Textures/Trail25.png using Guid(63e298374ab0c384ebe243e627781d4c) Importer(815301076,1909f56bfc062723c751e8b465ee728b)  -> (artifact id: '33b5e508f4a989233c447d1268048989') in 0.023659 seconds 
========================================================================
Received Import Request.
  Time since last request: 0.000046 seconds.
  path: Assets/Hovl Studio/HSFiles/Textures/Crater40.png
  artifactKey: Guid(fa64409114f8d564d8dde73c320ae627) Importer(815301076,1909f56bfc062723c751e8b465ee728b)
Start importing Assets/Hovl Studio/HSFiles/Textures/Crater40.png using Guid(fa64409114f8d564d8dde73c320ae627) Importer(815301076,1909f56bfc062723c751e8b465ee728b)  -> (artifact id: 'c2e2b509d0c58a63eeeb1fcaef2e9419') in 0.022975 seconds 
========================================================================
Received Import Request.
  Time since last request: 0.000047 seconds.
  path: Assets/Hovl Studio/HSFiles/Textures/Smoke24.png
  artifactKey: Guid(4de1419ac14d16d44b9c82b76ea6d884) Importer(815301076,1909f56bfc062723c751e8b465ee728b)
Start importing Assets/Hovl Studio/HSFiles/Textures/Smoke24.png using Guid(4de1419ac14d16d44b9c82b76ea6d884) Importer(815301076,1909f56bfc062723c751e8b465ee728b)  -> (artifact id: 'b628375fba3671244b7b9c309451c7c8') in 0.026460 seconds 
========================================================================
Received Import Request.
  Time since last request: 0.000054 seconds.
  path: Assets/Hovl Studio/HSFiles/Textures/Trail74.png
  artifactKey: Guid(93aaf95761be6c54aa05873a6ae0bee1) Importer(815301076,1909f56bfc062723c751e8b465ee728b)
Start importing Assets/Hovl Studio/HSFiles/Textures/Trail74.png using Guid(93aaf95761be6c54aa05873a6ae0bee1) Importer(815301076,1909f56bfc062723c751e8b465ee728b)  -> (artifact id: '23c689f9a70cae9a3c45ae0ef7cab73b') in 0.019016 seconds 
========================================================================
Received Import Request.
  Time since last request: 0.000020 seconds.
  path: Assets/Hovl Studio/HSFiles/Textures/Flare4.png
  artifactKey: Guid(fe05455264c0eda4dabeb02e41d98557) Importer(815301076,1909f56bfc062723c751e8b465ee728b)
Start importing Assets/Hovl Studio/HSFiles/Textures/Flare4.png using Guid(fe05455264c0eda4dabeb02e41d98557) Importer(815301076,1909f56bfc062723c751e8b465ee728b)  -> (artifact id: '09e35ec31c0688db53a21b8f936a4c13') in 0.033996 seconds 
========================================================================
Received Import Request.
  Time since last request: 0.000045 seconds.
  path: Assets/Hovl Studio/HSFiles/Textures/Noise35t.png
  artifactKey: Guid(beea0694d337e23449c7d21e4dfef1cb) Importer(815301076,1909f56bfc062723c751e8b465ee728b)
Start importing Assets/Hovl Studio/HSFiles/Textures/Noise35t.png using Guid(beea0694d337e23449c7d21e4dfef1cb) Importer(815301076,1909f56bfc062723c751e8b465ee728b)  -> (artifact id: '3b5a47c8f1371d4902b0e9a9401b3a99') in 0.030426 seconds 
========================================================================
Received Import Request.
  Time since last request: 0.000038 seconds.
  path: Assets/Hovl Studio/HSFiles/Textures/NormalMap8.png
  artifactKey: Guid(950e9e23ceae56c48a25ba32f408d964) Importer(815301076,1909f56bfc062723c751e8b465ee728b)
Start importing Assets/Hovl Studio/HSFiles/Textures/NormalMap8.png using Guid(950e9e23ceae56c48a25ba32f408d964) Importer(815301076,1909f56bfc062723c751e8b465ee728b)  -> (artifact id: '6490620a3f35d3ee117b6af6c00b8924') in 0.031719 seconds 
========================================================================
Received Import Request.
  Time since last request: 0.000029 seconds.
  path: Assets/Hovl Studio/HSFiles/Textures/Crater18.png
  artifactKey: Guid(b3dcb30bf236da54c99df19a26f9a705) Importer(815301076,1909f56bfc062723c751e8b465ee728b)
Start importing Assets/Hovl Studio/HSFiles/Textures/Crater18.png using Guid(b3dcb30bf236da54c99df19a26f9a705) Importer(815301076,1909f56bfc062723c751e8b465ee728b)  -> (artifact id: '7d873215a9f63ac2f740320e2b8c62f7') in 0.023721 seconds 
========================================================================
Received Import Request.
  Time since last request: 0.000033 seconds.
  path: Assets/Hovl Studio/HSFiles/Textures/Gradient17.png
  artifactKey: Guid(61e68320eb0a34646ae9e7855bba9d92) Importer(815301076,1909f56bfc062723c751e8b465ee728b)
Start importing Assets/Hovl Studio/HSFiles/Textures/Gradient17.png using Guid(61e68320eb0a34646ae9e7855bba9d92) Importer(815301076,1909f56bfc062723c751e8b465ee728b)  -> (artifact id: 'ef8cd8782fce96708f58255f462920cb') in 0.028416 seconds 
========================================================================
Received Import Request.
  Time since last request: 0.000026 seconds.
  path: Assets/Hovl Studio/HSFiles/Textures/SparkExolosion2.png
  artifactKey: Guid(18ead67d9373c0e4c94569200a88a6cb) Importer(815301076,1909f56bfc062723c751e8b465ee728b)
Start importing Assets/Hovl Studio/HSFiles/Textures/SparkExolosion2.png using Guid(18ead67d9373c0e4c94569200a88a6cb) Importer(815301076,1909f56bfc062723c751e8b465ee728b)  -> (artifact id: '0e09b0f04e549db64c98fccb37de9197') in 0.022617 seconds 
========================================================================
Received Import Request.
  Time since last request: 0.000025 seconds.
  path: Assets/Hovl Studio/HSFiles/Textures/Mask23.png
  artifactKey: Guid(fbf437916e36d824a8cce436ab5d55d2) Importer(815301076,1909f56bfc062723c751e8b465ee728b)
Start importing Assets/Hovl Studio/HSFiles/Textures/Mask23.png using Guid(fbf437916e36d824a8cce436ab5d55d2) Importer(815301076,1909f56bfc062723c751e8b465ee728b)  -> (artifact id: '78a347b280c119671b99a68d2f8a85df') in 0.023823 seconds 
========================================================================
Received Import Request.
  Time since last request: 0.000035 seconds.
  path: Assets/Hovl Studio/HSFiles/Textures/Trail55.png
  artifactKey: Guid(a772904a505c9c641a85e035de08397f) Importer(815301076,1909f56bfc062723c751e8b465ee728b)
Start importing Assets/Hovl Studio/HSFiles/Textures/Trail55.png using Guid(a772904a505c9c641a85e035de08397f) Importer(815301076,1909f56bfc062723c751e8b465ee728b)  -> (artifact id: '6fa7adbf3a986367adc0de4e40eb60dc') in 0.028281 seconds 
========================================================================
Received Import Request.
  Time since last request: 0.000026 seconds.
  path: Assets/Hovl Studio/HSFiles/Textures/Gradient3r.png
  artifactKey: Guid(ed3a5efebe958ba429d350e04f14d1ab) Importer(815301076,1909f56bfc062723c751e8b465ee728b)
Start importing Assets/Hovl Studio/HSFiles/Textures/Gradient3r.png using Guid(ed3a5efebe958ba429d350e04f14d1ab) Importer(815301076,1909f56bfc062723c751e8b465ee728b)  -> (artifact id: 'e9a6bc31078117332574557f1c21b2ad') in 0.026659 seconds 
========================================================================
Received Import Request.
  Time since last request: 0.000044 seconds.
  path: Assets/Hovl Studio/HSFiles/Textures/Noise34.png
  artifactKey: Guid(3f1d4fadb37c37e4488860109d7dce4b) Importer(815301076,1909f56bfc062723c751e8b465ee728b)
Start importing Assets/Hovl Studio/HSFiles/Textures/Noise34.png using Guid(3f1d4fadb37c37e4488860109d7dce4b) Importer(815301076,1909f56bfc062723c751e8b465ee728b)  -> (artifact id: '3add2bde683363a771ecfa6911e73b5d') in 0.023457 seconds 
========================================================================
Received Import Request.
  Time since last request: 9.075430 seconds.
  path: Assets/Hovl Studio/AOE Magic spells Vol.1/Demo AOE skills/Demo AOE skills.unity
  artifactKey: Guid(870507f4fdb23404db175bdcb4a5ab65) Importer(815301076,1909f56bfc062723c751e8b465ee728b)
Start importing Assets/Hovl Studio/AOE Magic spells Vol.1/Demo AOE skills/Demo AOE skills.unity using Guid(870507f4fdb23404db175bdcb4a5ab65) Importer(815301076,1909f56bfc062723c751e8b465ee728b)  -> (artifact id: '94496f69d020b4dbb810e32d9f498edc') in 0.007958 seconds 
========================================================================
Received Prepare
Registering precompiled user dll's ...
Registered in 0.010851 seconds.
Begin MonoManager ReloadAssembly
Symbol file LoadedFromMemory doesn't match image C:\Users\Administrator\Documents\Unity3D\GameFrameWork\Library\PackageCache\com.unity.visualscripting@1.8.0\Editor\VisualScripting.Core\Dependencies\YamlDotNet\Unity.VisualScripting.YamlDotNet.dll
Symbol file LoadedFromMemory doesn't match image C:\Users\Administrator\Documents\Unity3D\GameFrameWork\Library\PackageCache\com.unity.visualscripting@1.8.0\Editor\VisualScripting.Core\Dependencies\DotNetZip\Unity.VisualScripting.IonicZip.dll
Native extension for WindowsStandalone target not found
Refreshing native plugins compatible for Editor in 0.89 ms, found 3 plugins.
Preloading 0 native plugins for Editor in 0.00 ms.
Mono: successfully reloaded assembly
- Completed reload, in  1.573 seconds
Domain Reload Profiling:
	ReloadAssembly (1574ms)
		BeginReloadAssembly (291ms)
			ExecutionOrderSort (0ms)
			DisableScriptedObjects (8ms)
			BackupInstance (0ms)
			ReleaseScriptingObjects (0ms)
			CreateAndSetChildDomain (56ms)
		EndReloadAssembly (1127ms)
			LoadAssemblies (213ms)
			RebuildTransferFunctionScriptingTraits (0ms)
			SetupTypeCache (372ms)
			ReleaseScriptCaches (4ms)
			RebuildScriptCaches (57ms)
			SetupLoadedEditorAssemblies (492ms)
				LogAssemblyErrors (0ms)
				InitializePlatformSupportModulesInManaged (11ms)
				SetLoadedEditorAssemblies (1ms)
				RefreshPlugins (1ms)
				BeforeProcessingInitializeOnLoad (109ms)
				ProcessInitializeOnLoadAttributes (263ms)
				ProcessInitializeOnLoadMethodAttributes (86ms)
				AfterProcessingInitializeOnLoad (21ms)
				EditorAssembliesLoaded (0ms)
			ExecutionOrderSort2 (0ms)
			AwakeInstancesAfterBackupRestoration (21ms)
Platform modules already initialized, skipping
Refreshing native plugins compatible for Editor in 3.61 ms, found 3 plugins.
Preloading 0 native plugins for Editor in 0.00 ms.
Unloading 3538 Unused Serialized files (Serialized files now loaded: 0)
Unloading 79 unused Assets / (10.9 MB). Loaded Objects now: 4036.
Memory consumption went from 234.1 MB to 223.2 MB.
Total: 11.183400 ms (FindLiveObjects: 0.338000 ms CreateObjectMapping: 0.221200 ms MarkObjects: 3.084000 ms  DeleteObjects: 7.539300 ms)

AssetImportParameters requested are different than current active one (requested -> active):
  custom:video-decoder-ogg-theora: a1e56fd34408186e4bbccfd4996cb3dc -> 
  custom:container-muxer-webm: aa71ff27fc2769a1b78a27578f13a17b -> 
  custom:container-demuxer-webm: 4f35f7cbe854078d1ac9338744f61a02 -> 
  custom:video-encoder-webm-vp8: eb34c28f22e8b96e1ab97ce403110664 -> 
  custom:audio-encoder-webm-vorbis: bf7c407c2cedff20999df2af8eb42d56 -> 
  custom:framework-win-MediaFoundation: 216162199b28c13a410421893ffa2e32 -> 
  custom:container-demuxer-ogg: 62fdf1f143b41e24485cea50d1cbac27 -> 
  custom:video-decoder-webm-vp8: 9c59270c3fd7afecdb556c50c9e8de78 -> 
  custom:audio-decoder-ogg-vorbis: bf7c407c2cedff20999df2af8eb42d56 -> 
