Using pre-set license
Built from '2021.3/staging' branch; Version is '2021.3.23f1 (213b516bf396) revision 2177873'; Using compiler version '192829333'; Build Type 'Release'
OS: 'Windows 10  (10.0.19045) 64bit Professional' Language: 'ko' Physical Memory: 16318 MB
BatchMode: 1, IsHumanControllingUs: 0, StartBugReporterOnCrash: 0, Is64bit: 1, IsPro: 1

COMMAND LINE ARGUMENTS:
C:\Program Files\Unity\Hub\Editor\2021.3.23f1\Editor\Unity.exe
-adb2
-batchMode
-noUpm
-name
AssetImportWorker6
-projectPath
C:/Users/Administrator/Documents/Unity3D/GameFrameWork
-logFile
Logs/AssetImportWorker6.log
-srvPort
61494
Successfully changed project path to: C:/Users/Administrator/Documents/Unity3D/GameFrameWork
C:/Users/Administrator/Documents/Unity3D/GameFrameWork
[UnityMemory] Configuration Parameters - Can be set up in boot.config
    "memorysetup-bucket-allocator-granularity=16"
    "memorysetup-bucket-allocator-bucket-count=8"
    "memorysetup-bucket-allocator-block-size=33554432"
    "memorysetup-bucket-allocator-block-count=8"
    "memorysetup-main-allocator-block-size=16777216"
    "memorysetup-thread-allocator-block-size=16777216"
    "memorysetup-gfx-main-allocator-block-size=16777216"
    "memorysetup-gfx-thread-allocator-block-size=16777216"
    "memorysetup-cache-allocator-block-size=4194304"
    "memorysetup-typetree-allocator-block-size=2097152"
    "memorysetup-profiler-bucket-allocator-granularity=16"
    "memorysetup-profiler-bucket-allocator-bucket-count=8"
    "memorysetup-profiler-bucket-allocator-block-size=33554432"
    "memorysetup-profiler-bucket-allocator-block-count=8"
    "memorysetup-profiler-allocator-block-size=16777216"
    "memorysetup-profiler-editor-allocator-block-size=1048576"
    "memorysetup-temp-allocator-size-main=16777216"
    "memorysetup-job-temp-allocator-block-size=2097152"
    "memorysetup-job-temp-allocator-block-size-background=1048576"
    "memorysetup-job-temp-allocator-reduction-small-platforms=262144"
    "memorysetup-temp-allocator-size-background-worker=32768"
    "memorysetup-temp-allocator-size-job-worker=262144"
    "memorysetup-temp-allocator-size-preload-manager=33554432"
    "memorysetup-temp-allocator-size-nav-mesh-worker=65536"
    "memorysetup-temp-allocator-size-audio-worker=65536"
    "memorysetup-temp-allocator-size-cloud-worker=32768"
    "memorysetup-temp-allocator-size-gi-baking-worker=262144"
    "memorysetup-temp-allocator-size-gfx=262144"
Player connection [35056] Host "[IP] 192.168.1.118 [Port] 0 [Flags] 2 [Guid] 3559885964 [EditorId] 3559885964 [Version] 1048832 [Id] WindowsEditor(7,DESKTOP-4UNEB7C) [Debug] 1 [PackageName] WindowsEditor [ProjectName] Editor" joined multi-casting on [225.0.0.222:54997]...

Player connection [35056] Host "[IP] 192.168.1.118 [Port] 0 [Flags] 2 [Guid] 3559885964 [EditorId] 3559885964 [Version] 1048832 [Id] WindowsEditor(7,DESKTOP-4UNEB7C) [Debug] 1 [PackageName] WindowsEditor [ProjectName] Editor" joined alternative multi-casting on [225.0.0.222:34997]...

Refreshing native plugins compatible for Editor in 85.19 ms, found 3 plugins.
Preloading 0 native plugins for Editor in 0.00 ms.
Initialize engine version: 2021.3.23f1 (213b516bf396)
[Subsystems] Discovering subsystems at path C:/Program Files/Unity/Hub/Editor/2021.3.23f1/Editor/Data/Resources/UnitySubsystems
[Subsystems] Discovering subsystems at path C:/Users/Administrator/Documents/Unity3D/GameFrameWork/Assets
GfxDevice: creating device client; threaded=0; jobified=0
Direct3D:
    Version:  Direct3D 11.0 [level 11.1]
    Renderer: NVIDIA GeForce GTX 1660 (ID=0x2184)
    Vendor:   NVIDIA
    VRAM:     5991 MB
    Driver:   27.21.14.5671
Initialize mono
Mono path[0] = 'C:/Program Files/Unity/Hub/Editor/2021.3.23f1/Editor/Data/Managed'
Mono path[1] = 'C:/Program Files/Unity/Hub/Editor/2021.3.23f1/Editor/Data/MonoBleedingEdge/lib/mono/unityjit-win32'
Mono config path = 'C:/Program Files/Unity/Hub/Editor/2021.3.23f1/Editor/Data/MonoBleedingEdge/etc'
Using monoOptions --debugger-agent=transport=dt_socket,embedding=1,server=y,suspend=n,address=127.0.0.1:56660
Begin MonoManager ReloadAssembly
Registering precompiled unity dll's ...
Register platform support module: C:/Program Files/Unity/Hub/Editor/2021.3.23f1/Editor/Data/PlaybackEngines/WindowsStandaloneSupport/UnityEditor.WindowsStandalone.Extensions.dll
Registered in 0.013798 seconds.
Native extension for WindowsStandalone target not found
Refreshing native plugins compatible for Editor in 80.77 ms, found 3 plugins.
Preloading 0 native plugins for Editor in 0.00 ms.
Mono: successfully reloaded assembly
- Completed reload, in  0.689 seconds
Domain Reload Profiling:
	ReloadAssembly (690ms)
		BeginReloadAssembly (134ms)
			ExecutionOrderSort (0ms)
			DisableScriptedObjects (0ms)
			BackupInstance (0ms)
			ReleaseScriptingObjects (0ms)
			CreateAndSetChildDomain (1ms)
		EndReloadAssembly (438ms)
			LoadAssemblies (130ms)
			RebuildTransferFunctionScriptingTraits (0ms)
			SetupTypeCache (99ms)
			ReleaseScriptCaches (0ms)
			RebuildScriptCaches (27ms)
			SetupLoadedEditorAssemblies (258ms)
				LogAssemblyErrors (0ms)
				InitializePlatformSupportModulesInManaged (10ms)
				SetLoadedEditorAssemblies (0ms)
				RefreshPlugins (81ms)
				BeforeProcessingInitializeOnLoad (1ms)
				ProcessInitializeOnLoadAttributes (110ms)
				ProcessInitializeOnLoadMethodAttributes (56ms)
				AfterProcessingInitializeOnLoad (0ms)
				EditorAssembliesLoaded (0ms)
			ExecutionOrderSort2 (0ms)
			AwakeInstancesAfterBackupRestoration (0ms)
Platform modules already initialized, skipping
Registering precompiled user dll's ...
Registered in 0.009890 seconds.
Begin MonoManager ReloadAssembly
Symbol file LoadedFromMemory doesn't match image C:\Users\Administrator\Documents\Unity3D\GameFrameWork\Library\PackageCache\com.unity.visualscripting@1.8.0\Editor\VisualScripting.Core\Dependencies\YamlDotNet\Unity.VisualScripting.YamlDotNet.dll
Symbol file LoadedFromMemory doesn't match image C:\Users\Administrator\Documents\Unity3D\GameFrameWork\Library\PackageCache\com.unity.visualscripting@1.8.0\Editor\VisualScripting.Core\Dependencies\DotNetZip\Unity.VisualScripting.IonicZip.dll
Native extension for WindowsStandalone target not found
Refreshing native plugins compatible for Editor in 77.52 ms, found 3 plugins.
Preloading 0 native plugins for Editor in 0.00 ms.
Mono: successfully reloaded assembly
- Completed reload, in  1.185 seconds
Domain Reload Profiling:
	ReloadAssembly (1186ms)
		BeginReloadAssembly (137ms)
			ExecutionOrderSort (0ms)
			DisableScriptedObjects (5ms)
			BackupInstance (0ms)
			ReleaseScriptingObjects (0ms)
			CreateAndSetChildDomain (18ms)
		EndReloadAssembly (937ms)
			LoadAssemblies (117ms)
			RebuildTransferFunctionScriptingTraits (0ms)
			SetupTypeCache (265ms)
			ReleaseScriptCaches (1ms)
			RebuildScriptCaches (48ms)
			SetupLoadedEditorAssemblies (483ms)
				LogAssemblyErrors (0ms)
				InitializePlatformSupportModulesInManaged (6ms)
				SetLoadedEditorAssemblies (0ms)
				RefreshPlugins (78ms)
				BeforeProcessingInitializeOnLoad (93ms)
				ProcessInitializeOnLoadAttributes (229ms)
				ProcessInitializeOnLoadMethodAttributes (62ms)
				AfterProcessingInitializeOnLoad (15ms)
				EditorAssembliesLoaded (0ms)
			ExecutionOrderSort2 (0ms)
			AwakeInstancesAfterBackupRestoration (15ms)
Platform modules already initialized, skipping
========================================================================
Worker process is ready to serve import requests
Launched and connected shader compiler UnityShaderCompiler.exe after 0.06 seconds
Refreshing native plugins compatible for Editor in 0.63 ms, found 3 plugins.
Preloading 0 native plugins for Editor in 0.00 ms.
Unloading 3611 Unused Serialized files (Serialized files now loaded: 0)
Unloading 86 unused Assets / (11.0 MB). Loaded Objects now: 4017.
Memory consumption went from 238.0 MB to 227.0 MB.
Total: 7.918600 ms (FindLiveObjects: 0.297500 ms CreateObjectMapping: 0.186400 ms MarkObjects: 2.246400 ms  DeleteObjects: 5.187100 ms)

AssetImportParameters requested are different than current active one (requested -> active):
  custom:video-decoder-ogg-theora: a1e56fd34408186e4bbccfd4996cb3dc -> 
  custom:container-muxer-webm: aa71ff27fc2769a1b78a27578f13a17b -> 
  custom:container-demuxer-webm: 4f35f7cbe854078d1ac9338744f61a02 -> 
  custom:video-encoder-webm-vp8: eb34c28f22e8b96e1ab97ce403110664 -> 
  custom:audio-encoder-webm-vorbis: bf7c407c2cedff20999df2af8eb42d56 -> 
  custom:framework-win-MediaFoundation: 216162199b28c13a410421893ffa2e32 -> 
  custom:container-demuxer-ogg: 62fdf1f143b41e24485cea50d1cbac27 -> 
  custom:video-decoder-webm-vp8: 9c59270c3fd7afecdb556c50c9e8de78 -> 
  custom:audio-decoder-ogg-vorbis: bf7c407c2cedff20999df2af8eb42d56 -> 
========================================================================
Received Import Request.
  Time since last request: 463038.205611 seconds.
  path: Assets/Suriyun/Animations_Cute_Animals/TypeA/Animal_TypeA@Die.fbx
  artifactKey: Guid(bc984cbed84deb94ea86f3cab0c54280) Importer(815301076,1909f56bfc062723c751e8b465ee728b)
Start importing Assets/Suriyun/Animations_Cute_Animals/TypeA/Animal_TypeA@Die.fbx using Guid(bc984cbed84deb94ea86f3cab0c54280) Importer(815301076,1909f56bfc062723c751e8b465ee728b)  -> (artifact id: 'c09dce2591a1cebd1f9388efc5c2a759') in 0.141911 seconds 
========================================================================
Received Import Request.
  Time since last request: 1.041753 seconds.
  path: Assets/Suriyun/Animations_Cute_Animals/TypeB/Animal_TypeB@Die.fbx
  artifactKey: Guid(ad5f48cae603a3e4c8aca4ec399b45db) Importer(815301076,1909f56bfc062723c751e8b465ee728b)
Start importing Assets/Suriyun/Animations_Cute_Animals/TypeB/Animal_TypeB@Die.fbx using Guid(ad5f48cae603a3e4c8aca4ec399b45db) Importer(815301076,1909f56bfc062723c751e8b465ee728b)  -> (artifact id: '06274d34e388bdc2a6bd629d49db3103') in 0.013144 seconds 
========================================================================
Received Import Request.
  Time since last request: 0.000042 seconds.
  path: Assets/Suriyun/Animations_Cute_Animals/TypeB/Animal_TypeB@Rest.fbx
  artifactKey: Guid(cd812b7d6e619fc4a9210d23066e5c3e) Importer(815301076,1909f56bfc062723c751e8b465ee728b)
Start importing Assets/Suriyun/Animations_Cute_Animals/TypeB/Animal_TypeB@Rest.fbx using Guid(cd812b7d6e619fc4a9210d23066e5c3e) Importer(815301076,1909f56bfc062723c751e8b465ee728b)  -> (artifact id: 'e8eb823e71b55781e1b5403e4cd84d48') in 0.017086 seconds 
========================================================================
Received Import Request.
  Time since last request: 6.198668 seconds.
  path: Assets/Suriyun/Cute Pet/FBX/TypeA/Dog.fbx
  artifactKey: Guid(97eb1615ee8dc8049b38af9c2d8778c5) Importer(815301076,1909f56bfc062723c751e8b465ee728b)
Start importing Assets/Suriyun/Cute Pet/FBX/TypeA/Dog.fbx using Guid(97eb1615ee8dc8049b38af9c2d8778c5) Importer(815301076,1909f56bfc062723c751e8b465ee728b)  -> (artifact id: '5aac115ef68a1102562d740c2503b830') in 0.213851 seconds 
========================================================================
Received Import Request.
  Time since last request: 3.322309 seconds.
  path: Assets/Suriyun/Cute Pet/FBX/TypeB/GoatB.fbx
  artifactKey: Guid(7306b395006232545962cba22af48511) Importer(815301076,1909f56bfc062723c751e8b465ee728b)
Start importing Assets/Suriyun/Cute Pet/FBX/TypeB/GoatB.fbx using Guid(7306b395006232545962cba22af48511) Importer(815301076,1909f56bfc062723c751e8b465ee728b)  -> (artifact id: '350bd614b65a49dcf8c4afda62a61f95') in 0.035322 seconds 
========================================================================
Received Import Request.
  Time since last request: 3.205468 seconds.
  path: Assets/Suriyun/Cute Pet/FBX/TypeC/Duck.fbx
  artifactKey: Guid(1764028168d4c8f47acaefd3108109d2) Importer(815301076,1909f56bfc062723c751e8b465ee728b)
Start importing Assets/Suriyun/Cute Pet/FBX/TypeC/Duck.fbx using Guid(1764028168d4c8f47acaefd3108109d2) Importer(815301076,1909f56bfc062723c751e8b465ee728b)  -> (artifact id: '720f31a9d8f583f28c38861ecd247502') in 0.034446 seconds 
========================================================================
Received Prepare
Registering precompiled user dll's ...
Registered in 0.009083 seconds.
Begin MonoManager ReloadAssembly
Symbol file LoadedFromMemory doesn't match image C:\Users\Administrator\Documents\Unity3D\GameFrameWork\Library\PackageCache\com.unity.visualscripting@1.8.0\Editor\VisualScripting.Core\Dependencies\YamlDotNet\Unity.VisualScripting.YamlDotNet.dll
Symbol file LoadedFromMemory doesn't match image C:\Users\Administrator\Documents\Unity3D\GameFrameWork\Library\PackageCache\com.unity.visualscripting@1.8.0\Editor\VisualScripting.Core\Dependencies\DotNetZip\Unity.VisualScripting.IonicZip.dll
Native extension for WindowsStandalone target not found
Refreshing native plugins compatible for Editor in 0.73 ms, found 3 plugins.
Preloading 0 native plugins for Editor in 0.00 ms.
Mono: successfully reloaded assembly
- Completed reload, in  1.304 seconds
Domain Reload Profiling:
	ReloadAssembly (1305ms)
		BeginReloadAssembly (201ms)
			ExecutionOrderSort (0ms)
			DisableScriptedObjects (6ms)
			BackupInstance (0ms)
			ReleaseScriptingObjects (0ms)
			CreateAndSetChildDomain (35ms)
		EndReloadAssembly (970ms)
			LoadAssemblies (170ms)
			RebuildTransferFunctionScriptingTraits (0ms)
			SetupTypeCache (322ms)
			ReleaseScriptCaches (2ms)
			RebuildScriptCaches (51ms)
			SetupLoadedEditorAssemblies (411ms)
				LogAssemblyErrors (0ms)
				InitializePlatformSupportModulesInManaged (9ms)
				SetLoadedEditorAssemblies (1ms)
				RefreshPlugins (1ms)
				BeforeProcessingInitializeOnLoad (90ms)
				ProcessInitializeOnLoadAttributes (216ms)
				ProcessInitializeOnLoadMethodAttributes (76ms)
				AfterProcessingInitializeOnLoad (18ms)
				EditorAssembliesLoaded (0ms)
			ExecutionOrderSort2 (0ms)
			AwakeInstancesAfterBackupRestoration (18ms)
Platform modules already initialized, skipping
Refreshing native plugins compatible for Editor in 3.58 ms, found 3 plugins.
Preloading 0 native plugins for Editor in 0.00 ms.
Unloading 3538 Unused Serialized files (Serialized files now loaded: 0)
Unloading 79 unused Assets / (10.9 MB). Loaded Objects now: 4032.
Memory consumption went from 247.6 MB to 236.7 MB.
Total: 9.363600 ms (FindLiveObjects: 0.477400 ms CreateObjectMapping: 0.337500 ms MarkObjects: 2.981400 ms  DeleteObjects: 5.566000 ms)

AssetImportParameters requested are different than current active one (requested -> active):
  custom:video-decoder-ogg-theora: a1e56fd34408186e4bbccfd4996cb3dc -> 
  custom:container-muxer-webm: aa71ff27fc2769a1b78a27578f13a17b -> 
  custom:container-demuxer-webm: 4f35f7cbe854078d1ac9338744f61a02 -> 
  custom:video-encoder-webm-vp8: eb34c28f22e8b96e1ab97ce403110664 -> 
  custom:audio-encoder-webm-vorbis: bf7c407c2cedff20999df2af8eb42d56 -> 
  custom:framework-win-MediaFoundation: 216162199b28c13a410421893ffa2e32 -> 
  custom:container-demuxer-ogg: 62fdf1f143b41e24485cea50d1cbac27 -> 
  custom:video-decoder-webm-vp8: 9c59270c3fd7afecdb556c50c9e8de78 -> 
  custom:audio-decoder-ogg-vorbis: bf7c407c2cedff20999df2af8eb42d56 -> 
========================================================================
Received Prepare
Registering precompiled user dll's ...
Registered in 0.008314 seconds.
Begin MonoManager ReloadAssembly
Symbol file LoadedFromMemory doesn't match image C:\Users\Administrator\Documents\Unity3D\GameFrameWork\Library\PackageCache\com.unity.visualscripting@1.8.0\Editor\VisualScripting.Core\Dependencies\YamlDotNet\Unity.VisualScripting.YamlDotNet.dll
Symbol file LoadedFromMemory doesn't match image C:\Users\Administrator\Documents\Unity3D\GameFrameWork\Library\PackageCache\com.unity.visualscripting@1.8.0\Editor\VisualScripting.Core\Dependencies\DotNetZip\Unity.VisualScripting.IonicZip.dll
Native extension for WindowsStandalone target not found
Refreshing native plugins compatible for Editor in 0.70 ms, found 3 plugins.
Preloading 0 native plugins for Editor in 0.00 ms.
Mono: successfully reloaded assembly
- Completed reload, in  1.160 seconds
Domain Reload Profiling:
	ReloadAssembly (1160ms)
		BeginReloadAssembly (181ms)
			ExecutionOrderSort (0ms)
			DisableScriptedObjects (6ms)
			BackupInstance (0ms)
			ReleaseScriptingObjects (0ms)
			CreateAndSetChildDomain (38ms)
		EndReloadAssembly (868ms)
			LoadAssemblies (141ms)
			RebuildTransferFunctionScriptingTraits (0ms)
			SetupTypeCache (285ms)
			ReleaseScriptCaches (1ms)
			RebuildScriptCaches (43ms)
			SetupLoadedEditorAssemblies (375ms)
				LogAssemblyErrors (0ms)
				InitializePlatformSupportModulesInManaged (9ms)
				SetLoadedEditorAssemblies (0ms)
				RefreshPlugins (1ms)
				BeforeProcessingInitializeOnLoad (82ms)
				ProcessInitializeOnLoadAttributes (198ms)
				ProcessInitializeOnLoadMethodAttributes (68ms)
				AfterProcessingInitializeOnLoad (17ms)
				EditorAssembliesLoaded (0ms)
			ExecutionOrderSort2 (0ms)
			AwakeInstancesAfterBackupRestoration (16ms)
Platform modules already initialized, skipping
Refreshing native plugins compatible for Editor in 2.47 ms, found 3 plugins.
Preloading 0 native plugins for Editor in 0.00 ms.
Unloading 3538 Unused Serialized files (Serialized files now loaded: 0)
Unloading 79 unused Assets / (10.8 MB). Loaded Objects now: 4035.
Memory consumption went from 247.5 MB to 236.7 MB.
Total: 7.772600 ms (FindLiveObjects: 0.281800 ms CreateObjectMapping: 0.199400 ms MarkObjects: 2.039000 ms  DeleteObjects: 5.251500 ms)

AssetImportParameters requested are different than current active one (requested -> active):
  custom:video-decoder-ogg-theora: a1e56fd34408186e4bbccfd4996cb3dc -> 
  custom:container-muxer-webm: aa71ff27fc2769a1b78a27578f13a17b -> 
  custom:container-demuxer-webm: 4f35f7cbe854078d1ac9338744f61a02 -> 
  custom:video-encoder-webm-vp8: eb34c28f22e8b96e1ab97ce403110664 -> 
  custom:audio-encoder-webm-vorbis: bf7c407c2cedff20999df2af8eb42d56 -> 
  custom:framework-win-MediaFoundation: 216162199b28c13a410421893ffa2e32 -> 
  custom:container-demuxer-ogg: 62fdf1f143b41e24485cea50d1cbac27 -> 
  custom:video-decoder-webm-vp8: 9c59270c3fd7afecdb556c50c9e8de78 -> 
  custom:audio-decoder-ogg-vorbis: bf7c407c2cedff20999df2af8eb42d56 -> 
========================================================================
Received Import Request.
  Time since last request: 248.376975 seconds.
  path: Assets/Suriyun/Cute Pet/Texture/Alpaca_B.png
  artifactKey: Guid(728ecdbf0b1452a4782dc979b704daad) Importer(815301076,1909f56bfc062723c751e8b465ee728b)
Start importing Assets/Suriyun/Cute Pet/Texture/Alpaca_B.png using Guid(728ecdbf0b1452a4782dc979b704daad) Importer(815301076,1909f56bfc062723c751e8b465ee728b)  -> (artifact id: 'ae6ac5f5bfe63f8a15fc06b4524ad628') in 0.114057 seconds 
========================================================================
Received Import Request.
  Time since last request: 0.000026 seconds.
  path: Assets/Suriyun/Cute Pet/Texture/Goat_C.png
  artifactKey: Guid(633e6acf96872ed4ca80c71a4790ff29) Importer(815301076,1909f56bfc062723c751e8b465ee728b)
Start importing Assets/Suriyun/Cute Pet/Texture/Goat_C.png using Guid(633e6acf96872ed4ca80c71a4790ff29) Importer(815301076,1909f56bfc062723c751e8b465ee728b)  -> (artifact id: '6d7a93b79d1a0d0d5680d68c320854b4') in 0.025178 seconds 
========================================================================
Received Import Request.
  Time since last request: 0.000032 seconds.
  path: Assets/Suriyun/Cute Pet/Texture/Dog_A.png
  artifactKey: Guid(3116dc0e6960fd949ab05cd37bbd388a) Importer(815301076,1909f56bfc062723c751e8b465ee728b)
Start importing Assets/Suriyun/Cute Pet/Texture/Dog_A.png using Guid(3116dc0e6960fd949ab05cd37bbd388a) Importer(815301076,1909f56bfc062723c751e8b465ee728b)  -> (artifact id: '194c666c352d6ff38ee78c2ff446f263') in 0.030128 seconds 
========================================================================
Received Import Request.
  Time since last request: 0.000042 seconds.
  path: Assets/Suriyun/Cute Pet/Texture/Cat_A.png
  artifactKey: Guid(768f6f313d5a6734687840ece97dd8de) Importer(815301076,1909f56bfc062723c751e8b465ee728b)
Start importing Assets/Suriyun/Cute Pet/Texture/Cat_A.png using Guid(768f6f313d5a6734687840ece97dd8de) Importer(815301076,1909f56bfc062723c751e8b465ee728b)  -> (artifact id: 'f9cb03be39495f522a250e484132edfc') in 0.020096 seconds 
========================================================================
Received Import Request.
  Time since last request: 0.000029 seconds.
  path: Assets/Suriyun/Cute Pet/Texture/Pig_A.png
  artifactKey: Guid(d3ca955ff01bdd244846b1611b30cc63) Importer(815301076,1909f56bfc062723c751e8b465ee728b)
Start importing Assets/Suriyun/Cute Pet/Texture/Pig_A.png using Guid(d3ca955ff01bdd244846b1611b30cc63) Importer(815301076,1909f56bfc062723c751e8b465ee728b)  -> (artifact id: '84b498dc803a36009f8626ac851881e5') in 0.016111 seconds 
========================================================================
Received Import Request.
  Time since last request: 0.000020 seconds.
  path: Assets/Suriyun/Cute Pet/Texture/Duck_A.png
  artifactKey: Guid(3b13e7ea6f89f484b944f5afe1c6e782) Importer(815301076,1909f56bfc062723c751e8b465ee728b)
Start importing Assets/Suriyun/Cute Pet/Texture/Duck_A.png using Guid(3b13e7ea6f89f484b944f5afe1c6e782) Importer(815301076,1909f56bfc062723c751e8b465ee728b)  -> (artifact id: 'fe039eb5834ce11ec5593cb25fb4cd86') in 0.016151 seconds 
========================================================================
Received Import Request.
  Time since last request: 0.000038 seconds.
  path: Assets/Suriyun/Cute Pet/Texture/Sheep_C.png
  artifactKey: Guid(c0e5d167a80689e488d161e68c5415c9) Importer(815301076,1909f56bfc062723c751e8b465ee728b)
Start importing Assets/Suriyun/Cute Pet/Texture/Sheep_C.png using Guid(c0e5d167a80689e488d161e68c5415c9) Importer(815301076,1909f56bfc062723c751e8b465ee728b)  -> (artifact id: 'f9f9463ba988a6c1069e12d98f0365d9') in 0.017070 seconds 
========================================================================
Received Import Request.
  Time since last request: 0.000035 seconds.
  path: Assets/Suriyun/Cute Pet/Texture/Chicken_A.png
  artifactKey: Guid(49e62407ffffabe4ea2638cc25dfed11) Importer(815301076,1909f56bfc062723c751e8b465ee728b)
Start importing Assets/Suriyun/Cute Pet/Texture/Chicken_A.png using Guid(49e62407ffffabe4ea2638cc25dfed11) Importer(815301076,1909f56bfc062723c751e8b465ee728b)  -> (artifact id: '2bc75781e7040119fc64fc18e897a940') in 0.016775 seconds 
========================================================================
Received Import Request.
  Time since last request: 0.000020 seconds.
  path: Assets/Suriyun/Cute Pet/Texture/Dog_B.png
  artifactKey: Guid(8e4e4b0ec5a94d84189e7023984df89b) Importer(815301076,1909f56bfc062723c751e8b465ee728b)
Start importing Assets/Suriyun/Cute Pet/Texture/Dog_B.png using Guid(8e4e4b0ec5a94d84189e7023984df89b) Importer(815301076,1909f56bfc062723c751e8b465ee728b)  -> (artifact id: 'bac493dfa440215b298b19b156b1682e') in 0.018075 seconds 
========================================================================
Received Import Request.
  Time since last request: 0.000020 seconds.
  path: Assets/Suriyun/Cute Pet/Texture/Horse_B.png
  artifactKey: Guid(2d9a883fe4e545a43b69bbd25b1f56d1) Importer(815301076,1909f56bfc062723c751e8b465ee728b)
Start importing Assets/Suriyun/Cute Pet/Texture/Horse_B.png using Guid(2d9a883fe4e545a43b69bbd25b1f56d1) Importer(815301076,1909f56bfc062723c751e8b465ee728b)  -> (artifact id: 'cf2bb24280b8539fd849e27b736397d9') in 0.022357 seconds 
========================================================================
Received Import Request.
  Time since last request: 0.000029 seconds.
  path: Assets/Suriyun/Cute Pet/Texture/Goat_A.png
  artifactKey: Guid(40170359309b31340a049d04efee4f8a) Importer(815301076,1909f56bfc062723c751e8b465ee728b)
Start importing Assets/Suriyun/Cute Pet/Texture/Goat_A.png using Guid(40170359309b31340a049d04efee4f8a) Importer(815301076,1909f56bfc062723c751e8b465ee728b)  -> (artifact id: 'e5529db49113fe112e8a7694d2af3e02') in 0.022995 seconds 
========================================================================
Received Prepare
Registering precompiled user dll's ...
Registered in 0.008727 seconds.
Begin MonoManager ReloadAssembly
Symbol file LoadedFromMemory doesn't match image C:\Users\Administrator\Documents\Unity3D\GameFrameWork\Library\PackageCache\com.unity.visualscripting@1.8.0\Editor\VisualScripting.Core\Dependencies\YamlDotNet\Unity.VisualScripting.YamlDotNet.dll
Symbol file LoadedFromMemory doesn't match image C:\Users\Administrator\Documents\Unity3D\GameFrameWork\Library\PackageCache\com.unity.visualscripting@1.8.0\Editor\VisualScripting.Core\Dependencies\DotNetZip\Unity.VisualScripting.IonicZip.dll
Native extension for WindowsStandalone target not found
Refreshing native plugins compatible for Editor in 1.02 ms, found 3 plugins.
Preloading 0 native plugins for Editor in 0.00 ms.
Mono: successfully reloaded assembly
- Completed reload, in  1.318 seconds
Domain Reload Profiling:
	ReloadAssembly (1319ms)
		BeginReloadAssembly (196ms)
			ExecutionOrderSort (0ms)
			DisableScriptedObjects (7ms)
			BackupInstance (0ms)
			ReleaseScriptingObjects (0ms)
			CreateAndSetChildDomain (38ms)
		EndReloadAssembly (989ms)
			LoadAssemblies (174ms)
			RebuildTransferFunctionScriptingTraits (0ms)
			SetupTypeCache (323ms)
			ReleaseScriptCaches (2ms)
			RebuildScriptCaches (48ms)
			SetupLoadedEditorAssemblies (427ms)
				LogAssemblyErrors (0ms)
				InitializePlatformSupportModulesInManaged (9ms)
				SetLoadedEditorAssemblies (1ms)
				RefreshPlugins (1ms)
				BeforeProcessingInitializeOnLoad (93ms)
				ProcessInitializeOnLoadAttributes (228ms)
				ProcessInitializeOnLoadMethodAttributes (79ms)
				AfterProcessingInitializeOnLoad (18ms)
				EditorAssembliesLoaded (0ms)
			ExecutionOrderSort2 (0ms)
			AwakeInstancesAfterBackupRestoration (19ms)
Platform modules already initialized, skipping
Refreshing native plugins compatible for Editor in 3.34 ms, found 3 plugins.
Preloading 0 native plugins for Editor in 0.00 ms.
Unloading 3538 Unused Serialized files (Serialized files now loaded: 0)
Unloading 79 unused Assets / (10.8 MB). Loaded Objects now: 4040.
Memory consumption went from 247.5 MB to 236.7 MB.
Total: 12.439300 ms (FindLiveObjects: 0.419200 ms CreateObjectMapping: 0.254400 ms MarkObjects: 3.813000 ms  DeleteObjects: 7.951000 ms)

AssetImportParameters requested are different than current active one (requested -> active):
  custom:video-decoder-ogg-theora: a1e56fd34408186e4bbccfd4996cb3dc -> 
  custom:container-muxer-webm: aa71ff27fc2769a1b78a27578f13a17b -> 
  custom:container-demuxer-webm: 4f35f7cbe854078d1ac9338744f61a02 -> 
  custom:video-encoder-webm-vp8: eb34c28f22e8b96e1ab97ce403110664 -> 
  custom:audio-encoder-webm-vorbis: bf7c407c2cedff20999df2af8eb42d56 -> 
  custom:framework-win-MediaFoundation: 216162199b28c13a410421893ffa2e32 -> 
  custom:container-demuxer-ogg: 62fdf1f143b41e24485cea50d1cbac27 -> 
  custom:video-decoder-webm-vp8: 9c59270c3fd7afecdb556c50c9e8de78 -> 
  custom:audio-decoder-ogg-vorbis: bf7c407c2cedff20999df2af8eb42d56 -> 
Editor requested this worker to shutdown with reason: Scaling down because of idle timeout
AssetImportWorker is now disconnected from the server
Process exiting
Exiting without the bug reporter. Application will terminate with return code 0