Using pre-set license
Built from '2021.3/staging' branch; Version is '2021.3.23f1 (213b516bf396) revision 2177873'; Using compiler version '192829333'; Build Type 'Release'
OS: 'Windows 10  (10.0.19045) 64bit Professional' Language: 'ko' Physical Memory: 16318 MB
BatchMode: 1, IsHumanControllingUs: 0, StartBugReporterOnCrash: 0, Is64bit: 1, IsPro: 1

COMMAND LINE ARGUMENTS:
C:\Program Files\Unity\Hub\Editor\2021.3.23f1\Editor\Unity.exe
-adb2
-batchMode
-noUpm
-name
AssetImportWorker5
-projectPath
C:/Users/Administrator/Documents/Unity3D/GameFrameWork
-logFile
Logs/AssetImportWorker5.log
-srvPort
59170
Successfully changed project path to: C:/Users/Administrator/Documents/Unity3D/GameFrameWork
C:/Users/Administrator/Documents/Unity3D/GameFrameWork
[UnityMemory] Configuration Parameters - Can be set up in boot.config
    "memorysetup-bucket-allocator-granularity=16"
    "memorysetup-bucket-allocator-bucket-count=8"
    "memorysetup-bucket-allocator-block-size=33554432"
    "memorysetup-bucket-allocator-block-count=8"
    "memorysetup-main-allocator-block-size=16777216"
    "memorysetup-thread-allocator-block-size=16777216"
    "memorysetup-gfx-main-allocator-block-size=16777216"
    "memorysetup-gfx-thread-allocator-block-size=16777216"
    "memorysetup-cache-allocator-block-size=4194304"
    "memorysetup-typetree-allocator-block-size=2097152"
    "memorysetup-profiler-bucket-allocator-granularity=16"
    "memorysetup-profiler-bucket-allocator-bucket-count=8"
    "memorysetup-profiler-bucket-allocator-block-size=33554432"
    "memorysetup-profiler-bucket-allocator-block-count=8"
    "memorysetup-profiler-allocator-block-size=16777216"
    "memorysetup-profiler-editor-allocator-block-size=1048576"
    "memorysetup-temp-allocator-size-main=16777216"
    "memorysetup-job-temp-allocator-block-size=2097152"
    "memorysetup-job-temp-allocator-block-size-background=1048576"
    "memorysetup-job-temp-allocator-reduction-small-platforms=262144"
    "memorysetup-temp-allocator-size-background-worker=32768"
    "memorysetup-temp-allocator-size-job-worker=262144"
    "memorysetup-temp-allocator-size-preload-manager=33554432"
    "memorysetup-temp-allocator-size-nav-mesh-worker=65536"
    "memorysetup-temp-allocator-size-audio-worker=65536"
    "memorysetup-temp-allocator-size-cloud-worker=32768"
    "memorysetup-temp-allocator-size-gi-baking-worker=262144"
    "memorysetup-temp-allocator-size-gfx=262144"
Player connection [9404] Host "[IP] 192.168.1.118 [Port] 0 [Flags] 2 [Guid] 2155386037 [EditorId] 2155386037 [Version] 1048832 [Id] WindowsEditor(7,DESKTOP-4UNEB7C) [Debug] 1 [PackageName] WindowsEditor [ProjectName] Editor" joined multi-casting on [225.0.0.222:54997]...

Player connection [9404] Host "[IP] 192.168.1.118 [Port] 0 [Flags] 2 [Guid] 2155386037 [EditorId] 2155386037 [Version] 1048832 [Id] WindowsEditor(7,DESKTOP-4UNEB7C) [Debug] 1 [PackageName] WindowsEditor [ProjectName] Editor" joined alternative multi-casting on [225.0.0.222:34997]...

Refreshing native plugins compatible for Editor in 89.70 ms, found 3 plugins.
Preloading 0 native plugins for Editor in 0.00 ms.
Initialize engine version: 2021.3.23f1 (213b516bf396)
[Subsystems] Discovering subsystems at path C:/Program Files/Unity/Hub/Editor/2021.3.23f1/Editor/Data/Resources/UnitySubsystems
[Subsystems] Discovering subsystems at path C:/Users/Administrator/Documents/Unity3D/GameFrameWork/Assets
GfxDevice: creating device client; threaded=0; jobified=0
Direct3D:
    Version:  Direct3D 11.0 [level 11.1]
    Renderer: NVIDIA GeForce GTX 1660 (ID=0x2184)
    Vendor:   NVIDIA
    VRAM:     5991 MB
    Driver:   27.21.14.5671
Initialize mono
Mono path[0] = 'C:/Program Files/Unity/Hub/Editor/2021.3.23f1/Editor/Data/Managed'
Mono path[1] = 'C:/Program Files/Unity/Hub/Editor/2021.3.23f1/Editor/Data/MonoBleedingEdge/lib/mono/unityjit-win32'
Mono config path = 'C:/Program Files/Unity/Hub/Editor/2021.3.23f1/Editor/Data/MonoBleedingEdge/etc'
Using monoOptions --debugger-agent=transport=dt_socket,embedding=1,server=y,suspend=n,address=127.0.0.1:56856
Begin MonoManager ReloadAssembly
Registering precompiled unity dll's ...
Register platform support module: C:/Program Files/Unity/Hub/Editor/2021.3.23f1/Editor/Data/PlaybackEngines/WindowsStandaloneSupport/UnityEditor.WindowsStandalone.Extensions.dll
Registered in 0.020400 seconds.
Native extension for WindowsStandalone target not found
Refreshing native plugins compatible for Editor in 95.27 ms, found 3 plugins.
Preloading 0 native plugins for Editor in 0.00 ms.
Mono: successfully reloaded assembly
- Completed reload, in  0.881 seconds
Domain Reload Profiling:
	ReloadAssembly (882ms)
		BeginReloadAssembly (150ms)
			ExecutionOrderSort (0ms)
			DisableScriptedObjects (0ms)
			BackupInstance (0ms)
			ReleaseScriptingObjects (0ms)
			CreateAndSetChildDomain (1ms)
		EndReloadAssembly (581ms)
			LoadAssemblies (145ms)
			RebuildTransferFunctionScriptingTraits (0ms)
			SetupTypeCache (169ms)
			ReleaseScriptCaches (0ms)
			RebuildScriptCaches (44ms)
			SetupLoadedEditorAssemblies (299ms)
				LogAssemblyErrors (0ms)
				InitializePlatformSupportModulesInManaged (12ms)
				SetLoadedEditorAssemblies (0ms)
				RefreshPlugins (95ms)
				BeforeProcessingInitializeOnLoad (1ms)
				ProcessInitializeOnLoadAttributes (135ms)
				ProcessInitializeOnLoadMethodAttributes (55ms)
				AfterProcessingInitializeOnLoad (0ms)
				EditorAssembliesLoaded (0ms)
			ExecutionOrderSort2 (0ms)
			AwakeInstancesAfterBackupRestoration (0ms)
Platform modules already initialized, skipping
Registering precompiled user dll's ...
Registered in 0.008974 seconds.
Begin MonoManager ReloadAssembly
Symbol file LoadedFromMemory doesn't match image C:\Users\Administrator\Documents\Unity3D\GameFrameWork\Library\PackageCache\com.unity.visualscripting@1.8.0\Editor\VisualScripting.Core\Dependencies\YamlDotNet\Unity.VisualScripting.YamlDotNet.dll
Symbol file LoadedFromMemory doesn't match image C:\Users\Administrator\Documents\Unity3D\GameFrameWork\Library\PackageCache\com.unity.visualscripting@1.8.0\Editor\VisualScripting.Core\Dependencies\DotNetZip\Unity.VisualScripting.IonicZip.dll
Native extension for WindowsStandalone target not found
Refreshing native plugins compatible for Editor in 76.79 ms, found 3 plugins.
Preloading 0 native plugins for Editor in 0.00 ms.
Mono: successfully reloaded assembly
- Completed reload, in  1.193 seconds
Domain Reload Profiling:
	ReloadAssembly (1194ms)
		BeginReloadAssembly (154ms)
			ExecutionOrderSort (0ms)
			DisableScriptedObjects (5ms)
			BackupInstance (0ms)
			ReleaseScriptingObjects (0ms)
			CreateAndSetChildDomain (19ms)
		EndReloadAssembly (914ms)
			LoadAssemblies (136ms)
			RebuildTransferFunctionScriptingTraits (0ms)
			SetupTypeCache (248ms)
			ReleaseScriptCaches (1ms)
			RebuildScriptCaches (46ms)
			SetupLoadedEditorAssemblies (478ms)
				LogAssemblyErrors (0ms)
				InitializePlatformSupportModulesInManaged (6ms)
				SetLoadedEditorAssemblies (0ms)
				RefreshPlugins (77ms)
				BeforeProcessingInitializeOnLoad (96ms)
				ProcessInitializeOnLoadAttributes (214ms)
				ProcessInitializeOnLoadMethodAttributes (66ms)
				AfterProcessingInitializeOnLoad (19ms)
				EditorAssembliesLoaded (0ms)
			ExecutionOrderSort2 (0ms)
			AwakeInstancesAfterBackupRestoration (14ms)
Platform modules already initialized, skipping
========================================================================
Worker process is ready to serve import requests
Launched and connected shader compiler UnityShaderCompiler.exe after 0.06 seconds
Refreshing native plugins compatible for Editor in 0.59 ms, found 3 plugins.
Preloading 0 native plugins for Editor in 0.00 ms.
Unloading 3609 Unused Serialized files (Serialized files now loaded: 0)
Unloading 86 unused Assets / (11.0 MB). Loaded Objects now: 4012.
Memory consumption went from 236.7 MB to 225.8 MB.
Total: 7.876900 ms (FindLiveObjects: 0.281800 ms CreateObjectMapping: 0.178400 ms MarkObjects: 2.950200 ms  DeleteObjects: 4.465700 ms)

AssetImportParameters requested are different than current active one (requested -> active):
  custom:video-decoder-ogg-theora: a1e56fd34408186e4bbccfd4996cb3dc -> 
  custom:container-muxer-webm: aa71ff27fc2769a1b78a27578f13a17b -> 
  custom:container-demuxer-webm: 4f35f7cbe854078d1ac9338744f61a02 -> 
  custom:video-encoder-webm-vp8: eb34c28f22e8b96e1ab97ce403110664 -> 
  custom:audio-encoder-webm-vorbis: bf7c407c2cedff20999df2af8eb42d56 -> 
  custom:framework-win-MediaFoundation: 216162199b28c13a410421893ffa2e32 -> 
  custom:container-demuxer-ogg: 62fdf1f143b41e24485cea50d1cbac27 -> 
  custom:video-decoder-webm-vp8: 9c59270c3fd7afecdb556c50c9e8de78 -> 
  custom:audio-decoder-ogg-vorbis: bf7c407c2cedff20999df2af8eb42d56 -> 
========================================================================
Received Import Request.
  Time since last request: 459684.161858 seconds.
  path: Assets/Hovl Studio/HSFiles/Models/Flower.fbx
  artifactKey: Guid(a10cbaeaaec36a74593b35af91197afa) Importer(815301076,1909f56bfc062723c751e8b465ee728b)
Start importing Assets/Hovl Studio/HSFiles/Models/Flower.fbx using Guid(a10cbaeaaec36a74593b35af91197afa) Importer(815301076,1909f56bfc062723c751e8b465ee728b)  -> (artifact id: '2f040878c2a2e11a0e9c8654bf41386e') in 0.284056 seconds 
========================================================================
Received Import Request.
  Time since last request: 1.694902 seconds.
  path: Assets/Hovl Studio/HSFiles/Sounds/Skill 3.wav
  artifactKey: Guid(d043519c03adf5b4bbba96049cd1de44) Importer(815301076,1909f56bfc062723c751e8b465ee728b)
Start importing Assets/Hovl Studio/HSFiles/Sounds/Skill 3.wav using Guid(d043519c03adf5b4bbba96049cd1de44) Importer(815301076,1909f56bfc062723c751e8b465ee728b)  -> (artifact id: '12bfe66b5e083b465294afde3b629750') in 0.261880 seconds 
========================================================================
Received Import Request.
  Time since last request: 0.000047 seconds.
  path: Assets/Hovl Studio/HSFiles/Sounds/Skill 5.wav
  artifactKey: Guid(d64e4487ce196b64b97f65f33819a0e0) Importer(815301076,1909f56bfc062723c751e8b465ee728b)
Start importing Assets/Hovl Studio/HSFiles/Sounds/Skill 5.wav using Guid(d64e4487ce196b64b97f65f33819a0e0) Importer(815301076,1909f56bfc062723c751e8b465ee728b)  -> (artifact id: '50c0d86be3a4d6d257a7eb925dea64f1') in 0.025779 seconds 
========================================================================
Received Import Request.
  Time since last request: 2.632290 seconds.
  path: Assets/Hovl Studio/HSFiles/Textures/Circle82.png
  artifactKey: Guid(8b6bf70124d203e40b832e1c9ae24061) Importer(815301076,1909f56bfc062723c751e8b465ee728b)
Start importing Assets/Hovl Studio/HSFiles/Textures/Circle82.png using Guid(8b6bf70124d203e40b832e1c9ae24061) Importer(815301076,1909f56bfc062723c751e8b465ee728b)  -> (artifact id: '9e937fdcb0d46c3ee05454854f67e5e2') in 0.074437 seconds 
========================================================================
Received Import Request.
  Time since last request: 0.000024 seconds.
  path: Assets/Hovl Studio/HSFiles/Textures/HandPaintedLightning2.png
  artifactKey: Guid(e1f5daa4611af4844a03ec5a45012456) Importer(815301076,1909f56bfc062723c751e8b465ee728b)
Start importing Assets/Hovl Studio/HSFiles/Textures/HandPaintedLightning2.png using Guid(e1f5daa4611af4844a03ec5a45012456) Importer(815301076,1909f56bfc062723c751e8b465ee728b)  -> (artifact id: 'b91c07a5c425aae0c628cd3c3f6857fa') in 0.030148 seconds 
========================================================================
Received Import Request.
  Time since last request: 0.000039 seconds.
  path: Assets/Hovl Studio/HSFiles/Textures/Glow1.png
  artifactKey: Guid(7605196420d204945843c4c794c58361) Importer(815301076,1909f56bfc062723c751e8b465ee728b)
Start importing Assets/Hovl Studio/HSFiles/Textures/Glow1.png using Guid(7605196420d204945843c4c794c58361) Importer(815301076,1909f56bfc062723c751e8b465ee728b)  -> (artifact id: 'd04db49eb1b2fc669ea0f9e7b6e19802') in 0.018800 seconds 
========================================================================
Received Import Request.
  Time since last request: 0.000054 seconds.
  path: Assets/Hovl Studio/HSFiles/Textures/Flash7.png
  artifactKey: Guid(bec5c7c44540e99458f061f069c981a8) Importer(815301076,1909f56bfc062723c751e8b465ee728b)
Start importing Assets/Hovl Studio/HSFiles/Textures/Flash7.png using Guid(bec5c7c44540e99458f061f069c981a8) Importer(815301076,1909f56bfc062723c751e8b465ee728b)  -> (artifact id: '65e03416667cf7b4726357869007301b') in 0.021688 seconds 
========================================================================
Received Import Request.
  Time since last request: 0.000028 seconds.
  path: Assets/Hovl Studio/HSFiles/Textures/Noise41.png
  artifactKey: Guid(1eae6143ce30e2849b37136524e197f0) Importer(815301076,1909f56bfc062723c751e8b465ee728b)
Start importing Assets/Hovl Studio/HSFiles/Textures/Noise41.png using Guid(1eae6143ce30e2849b37136524e197f0) Importer(815301076,1909f56bfc062723c751e8b465ee728b)  -> (artifact id: '008fd9a11ccb0ca8bcf9f1243e44d79c') in 0.026255 seconds 
========================================================================
Received Import Request.
  Time since last request: 0.000019 seconds.
  path: Assets/Hovl Studio/HSFiles/Textures/Stone1.png
  artifactKey: Guid(9511609b258ef6e49881a6f1749cbc92) Importer(815301076,1909f56bfc062723c751e8b465ee728b)
Start importing Assets/Hovl Studio/HSFiles/Textures/Stone1.png using Guid(9511609b258ef6e49881a6f1749cbc92) Importer(815301076,1909f56bfc062723c751e8b465ee728b)  -> (artifact id: '543270242f488c02fe226b0219306834') in 0.024702 seconds 
========================================================================
Received Import Request.
  Time since last request: 0.000029 seconds.
  path: Assets/Hovl Studio/HSFiles/Textures/Spark5.png
  artifactKey: Guid(70b9567df5bcc93419b5be3a43f10a8d) Importer(815301076,1909f56bfc062723c751e8b465ee728b)
Start importing Assets/Hovl Studio/HSFiles/Textures/Spark5.png using Guid(70b9567df5bcc93419b5be3a43f10a8d) Importer(815301076,1909f56bfc062723c751e8b465ee728b)  -> (artifact id: 'f466bd98082c649f4a0226d3bd08ce3c') in 0.023809 seconds 
========================================================================
Received Import Request.
  Time since last request: 0.000019 seconds.
  path: Assets/Hovl Studio/HSFiles/Textures/Fire13.png
  artifactKey: Guid(9f0f44cf243664443850d34462e5553f) Importer(815301076,1909f56bfc062723c751e8b465ee728b)
Start importing Assets/Hovl Studio/HSFiles/Textures/Fire13.png using Guid(9f0f44cf243664443850d34462e5553f) Importer(815301076,1909f56bfc062723c751e8b465ee728b)  -> (artifact id: '6cf0ec3524dff984f4cc4f6e0df93b37') in 0.029059 seconds 
========================================================================
Received Import Request.
  Time since last request: 0.000047 seconds.
  path: Assets/Hovl Studio/HSFiles/Textures/Noise43.png
  artifactKey: Guid(6701bfb8e762cd54e96d8dc1a763d942) Importer(815301076,1909f56bfc062723c751e8b465ee728b)
Start importing Assets/Hovl Studio/HSFiles/Textures/Noise43.png using Guid(6701bfb8e762cd54e96d8dc1a763d942) Importer(815301076,1909f56bfc062723c751e8b465ee728b)  -> (artifact id: 'e856091ba5e4b66e9d5c169e8d39df95') in 0.022859 seconds 
========================================================================
Received Import Request.
  Time since last request: 0.000017 seconds.
  path: Assets/Hovl Studio/HSFiles/Textures/Crack5.png
  artifactKey: Guid(0948aefdaf14b2b4b9471ec21d238768) Importer(815301076,1909f56bfc062723c751e8b465ee728b)
Start importing Assets/Hovl Studio/HSFiles/Textures/Crack5.png using Guid(0948aefdaf14b2b4b9471ec21d238768) Importer(815301076,1909f56bfc062723c751e8b465ee728b)  -> (artifact id: '52778a034292c813299195103bb75907') in 0.039074 seconds 
========================================================================
Received Import Request.
  Time since last request: 0.000053 seconds.
  path: Assets/Hovl Studio/HSFiles/Textures/TrailGradient21.png
  artifactKey: Guid(c7976d7d8409bde40a0bec99e7bd289f) Importer(815301076,1909f56bfc062723c751e8b465ee728b)
Start importing Assets/Hovl Studio/HSFiles/Textures/TrailGradient21.png using Guid(c7976d7d8409bde40a0bec99e7bd289f) Importer(815301076,1909f56bfc062723c751e8b465ee728b)  -> (artifact id: '6a8ea67acabd9c0ec2b857da4c91f478') in 0.024862 seconds 
========================================================================
Received Import Request.
  Time since last request: 0.000139 seconds.
  path: Assets/Hovl Studio/HSFiles/Textures/Leaf2.png
  artifactKey: Guid(079858874eafa2249866eb49a9d1a58d) Importer(815301076,1909f56bfc062723c751e8b465ee728b)
Start importing Assets/Hovl Studio/HSFiles/Textures/Leaf2.png using Guid(079858874eafa2249866eb49a9d1a58d) Importer(815301076,1909f56bfc062723c751e8b465ee728b)  -> (artifact id: '78f9d59d22751dcfaf3f1798259c897b') in 0.024297 seconds 
========================================================================
Received Import Request.
  Time since last request: 0.000035 seconds.
  path: Assets/Hovl Studio/HSFiles/Textures/HUE.png
  artifactKey: Guid(d5f12de378a90064e8427946ec54d98c) Importer(815301076,1909f56bfc062723c751e8b465ee728b)
Start importing Assets/Hovl Studio/HSFiles/Textures/HUE.png using Guid(d5f12de378a90064e8427946ec54d98c) Importer(815301076,1909f56bfc062723c751e8b465ee728b)  -> (artifact id: 'bd8806b4d9e45d5a24ad80853794806f') in 0.028038 seconds 
========================================================================
Received Import Request.
  Time since last request: 0.000029 seconds.
  path: Assets/Hovl Studio/HSFiles/Textures/Mask41.png
  artifactKey: Guid(b711eace7dad7784ca0c9bbb199d752c) Importer(815301076,1909f56bfc062723c751e8b465ee728b)
Start importing Assets/Hovl Studio/HSFiles/Textures/Mask41.png using Guid(b711eace7dad7784ca0c9bbb199d752c) Importer(815301076,1909f56bfc062723c751e8b465ee728b)  -> (artifact id: '3fea442f786b6947a209b67da5595b98') in 0.027039 seconds 
========================================================================
Received Import Request.
  Time since last request: 0.000018 seconds.
  path: Assets/Hovl Studio/HSFiles/Textures/Romb3.png
  artifactKey: Guid(3727a5cb4c22e5c45b1c8a876894f10e) Importer(815301076,1909f56bfc062723c751e8b465ee728b)
Start importing Assets/Hovl Studio/HSFiles/Textures/Romb3.png using Guid(3727a5cb4c22e5c45b1c8a876894f10e) Importer(815301076,1909f56bfc062723c751e8b465ee728b)  -> (artifact id: 'a4ce2152c52a2dd8525b32960b2b8146') in 0.025273 seconds 
========================================================================
Received Import Request.
  Time since last request: 0.000028 seconds.
  path: Assets/Hovl Studio/HSFiles/Textures/Crack4.png
  artifactKey: Guid(43a08fdad1cd95d45b1f7214c96b615d) Importer(815301076,1909f56bfc062723c751e8b465ee728b)
Start importing Assets/Hovl Studio/HSFiles/Textures/Crack4.png using Guid(43a08fdad1cd95d45b1f7214c96b615d) Importer(815301076,1909f56bfc062723c751e8b465ee728b)  -> (artifact id: 'ccd8c08db17418695faf3d4d9211b03f') in 0.020314 seconds 
========================================================================
Received Import Request.
  Time since last request: 0.000034 seconds.
  path: Assets/Hovl Studio/HSFiles/Textures/Point12.png
  artifactKey: Guid(c8ada4fdced7c07409542d983b96835e) Importer(815301076,1909f56bfc062723c751e8b465ee728b)
Start importing Assets/Hovl Studio/HSFiles/Textures/Point12.png using Guid(c8ada4fdced7c07409542d983b96835e) Importer(815301076,1909f56bfc062723c751e8b465ee728b)  -> (artifact id: '555b198a134d6ec50c6ed3e6ff62422c') in 0.027609 seconds 
========================================================================
Received Import Request.
  Time since last request: 0.000076 seconds.
  path: Assets/Hovl Studio/HSFiles/Textures/Trail60.png
  artifactKey: Guid(cf17ffffb60f17643afa4937c61ceb02) Importer(815301076,1909f56bfc062723c751e8b465ee728b)
Start importing Assets/Hovl Studio/HSFiles/Textures/Trail60.png using Guid(cf17ffffb60f17643afa4937c61ceb02) Importer(815301076,1909f56bfc062723c751e8b465ee728b)  -> (artifact id: '0bbeedc6440ef55257f19aee7405f152') in 0.025349 seconds 
========================================================================
Received Prepare
Registering precompiled user dll's ...
Registered in 0.009681 seconds.
Begin MonoManager ReloadAssembly
Symbol file LoadedFromMemory doesn't match image C:\Users\Administrator\Documents\Unity3D\GameFrameWork\Library\PackageCache\com.unity.visualscripting@1.8.0\Editor\VisualScripting.Core\Dependencies\YamlDotNet\Unity.VisualScripting.YamlDotNet.dll
Symbol file LoadedFromMemory doesn't match image C:\Users\Administrator\Documents\Unity3D\GameFrameWork\Library\PackageCache\com.unity.visualscripting@1.8.0\Editor\VisualScripting.Core\Dependencies\DotNetZip\Unity.VisualScripting.IonicZip.dll
Native extension for WindowsStandalone target not found
Refreshing native plugins compatible for Editor in 1.13 ms, found 3 plugins.
Preloading 0 native plugins for Editor in 0.00 ms.
Mono: successfully reloaded assembly
- Completed reload, in  1.610 seconds
Domain Reload Profiling:
	ReloadAssembly (1610ms)
		BeginReloadAssembly (310ms)
			ExecutionOrderSort (0ms)
			DisableScriptedObjects (39ms)
			BackupInstance (0ms)
			ReleaseScriptingObjects (0ms)
			CreateAndSetChildDomain (61ms)
		EndReloadAssembly (1147ms)
			LoadAssemblies (211ms)
			RebuildTransferFunctionScriptingTraits (0ms)
			SetupTypeCache (388ms)
			ReleaseScriptCaches (2ms)
			RebuildScriptCaches (59ms)
			SetupLoadedEditorAssemblies (500ms)
				LogAssemblyErrors (0ms)
				InitializePlatformSupportModulesInManaged (11ms)
				SetLoadedEditorAssemblies (1ms)
				RefreshPlugins (1ms)
				BeforeProcessingInitializeOnLoad (115ms)
				ProcessInitializeOnLoadAttributes (263ms)
				ProcessInitializeOnLoadMethodAttributes (89ms)
				AfterProcessingInitializeOnLoad (21ms)
				EditorAssembliesLoaded (0ms)
			ExecutionOrderSort2 (0ms)
			AwakeInstancesAfterBackupRestoration (20ms)
Platform modules already initialized, skipping
Refreshing native plugins compatible for Editor in 3.85 ms, found 3 plugins.
Preloading 0 native plugins for Editor in 0.00 ms.
Unloading 3538 Unused Serialized files (Serialized files now loaded: 0)
Unloading 79 unused Assets / (11.0 MB). Loaded Objects now: 4033.
Memory consumption went from 234.1 MB to 223.1 MB.
Total: 10.033700 ms (FindLiveObjects: 0.352400 ms CreateObjectMapping: 0.207200 ms MarkObjects: 3.518100 ms  DeleteObjects: 5.954600 ms)

AssetImportParameters requested are different than current active one (requested -> active):
  custom:video-decoder-ogg-theora: a1e56fd34408186e4bbccfd4996cb3dc -> 
  custom:container-muxer-webm: aa71ff27fc2769a1b78a27578f13a17b -> 
  custom:container-demuxer-webm: 4f35f7cbe854078d1ac9338744f61a02 -> 
  custom:video-encoder-webm-vp8: eb34c28f22e8b96e1ab97ce403110664 -> 
  custom:audio-encoder-webm-vorbis: bf7c407c2cedff20999df2af8eb42d56 -> 
  custom:framework-win-MediaFoundation: 216162199b28c13a410421893ffa2e32 -> 
  custom:container-demuxer-ogg: 62fdf1f143b41e24485cea50d1cbac27 -> 
  custom:video-decoder-webm-vp8: 9c59270c3fd7afecdb556c50c9e8de78 -> 
  custom:audio-decoder-ogg-vorbis: bf7c407c2cedff20999df2af8eb42d56 -> 
Editor requested this worker to shutdown with reason: Scaling down because of idle timeout
AssetImportWorker is now disconnected from the server
Process exiting
Exiting without the bug reporter. Application will terminate with return code 0