Using pre-set license
Built from '2021.3/staging' branch; Version is '2021.3.23f1 (213b516bf396) revision 2177873'; Using compiler version '192829333'; Build Type 'Release'
OS: 'Windows 10  (10.0.19045) 64bit Professional' Language: 'ko' Physical Memory: 16318 MB
BatchMode: 1, IsHumanControllingUs: 0, StartBugReporterOnCrash: 0, Is64bit: 1, IsPro: 1

COMMAND LINE ARGUMENTS:
C:\Program Files\Unity\Hub\Editor\2021.3.23f1\Editor\Unity.exe
-adb2
-batchMode
-noUpm
-name
AssetImportWorker1
-projectPath
C:/Users/Administrator/Documents/Unity3D/GameFrameWork
-logFile
Logs/AssetImportWorker1.log
-srvPort
59170
Successfully changed project path to: C:/Users/Administrator/Documents/Unity3D/GameFrameWork
C:/Users/Administrator/Documents/Unity3D/GameFrameWork
[UnityMemory] Configuration Parameters - Can be set up in boot.config
    "memorysetup-bucket-allocator-granularity=16"
    "memorysetup-bucket-allocator-bucket-count=8"
    "memorysetup-bucket-allocator-block-size=33554432"
    "memorysetup-bucket-allocator-block-count=8"
    "memorysetup-main-allocator-block-size=16777216"
    "memorysetup-thread-allocator-block-size=16777216"
    "memorysetup-gfx-main-allocator-block-size=16777216"
    "memorysetup-gfx-thread-allocator-block-size=16777216"
    "memorysetup-cache-allocator-block-size=4194304"
    "memorysetup-typetree-allocator-block-size=2097152"
    "memorysetup-profiler-bucket-allocator-granularity=16"
    "memorysetup-profiler-bucket-allocator-bucket-count=8"
    "memorysetup-profiler-bucket-allocator-block-size=33554432"
    "memorysetup-profiler-bucket-allocator-block-count=8"
    "memorysetup-profiler-allocator-block-size=16777216"
    "memorysetup-profiler-editor-allocator-block-size=1048576"
    "memorysetup-temp-allocator-size-main=16777216"
    "memorysetup-job-temp-allocator-block-size=2097152"
    "memorysetup-job-temp-allocator-block-size-background=1048576"
    "memorysetup-job-temp-allocator-reduction-small-platforms=262144"
    "memorysetup-temp-allocator-size-background-worker=32768"
    "memorysetup-temp-allocator-size-job-worker=262144"
    "memorysetup-temp-allocator-size-preload-manager=33554432"
    "memorysetup-temp-allocator-size-nav-mesh-worker=65536"
    "memorysetup-temp-allocator-size-audio-worker=65536"
    "memorysetup-temp-allocator-size-cloud-worker=32768"
    "memorysetup-temp-allocator-size-gi-baking-worker=262144"
    "memorysetup-temp-allocator-size-gfx=262144"
Player connection [30136] Host "[IP] 192.168.1.118 [Port] 0 [Flags] 2 [Guid] 3949674027 [EditorId] 3949674027 [Version] 1048832 [Id] WindowsEditor(7,DESKTOP-4UNEB7C) [Debug] 1 [PackageName] WindowsEditor [ProjectName] Editor" joined multi-casting on [225.0.0.222:54997]...

Player connection [30136] Host "[IP] 192.168.1.118 [Port] 0 [Flags] 2 [Guid] 3949674027 [EditorId] 3949674027 [Version] 1048832 [Id] WindowsEditor(7,DESKTOP-4UNEB7C) [Debug] 1 [PackageName] WindowsEditor [ProjectName] Editor" joined alternative multi-casting on [225.0.0.222:34997]...

Refreshing native plugins compatible for Editor in 82.26 ms, found 3 plugins.
Preloading 0 native plugins for Editor in 0.00 ms.
Initialize engine version: 2021.3.23f1 (213b516bf396)
[Subsystems] Discovering subsystems at path C:/Program Files/Unity/Hub/Editor/2021.3.23f1/Editor/Data/Resources/UnitySubsystems
[Subsystems] Discovering subsystems at path C:/Users/Administrator/Documents/Unity3D/GameFrameWork/Assets
GfxDevice: creating device client; threaded=0; jobified=0
Direct3D:
    Version:  Direct3D 11.0 [level 11.1]
    Renderer: NVIDIA GeForce GTX 1660 (ID=0x2184)
    Vendor:   NVIDIA
    VRAM:     5991 MB
    Driver:   27.21.14.5671
Initialize mono
Mono path[0] = 'C:/Program Files/Unity/Hub/Editor/2021.3.23f1/Editor/Data/Managed'
Mono path[1] = 'C:/Program Files/Unity/Hub/Editor/2021.3.23f1/Editor/Data/MonoBleedingEdge/lib/mono/unityjit-win32'
Mono config path = 'C:/Program Files/Unity/Hub/Editor/2021.3.23f1/Editor/Data/MonoBleedingEdge/etc'
Using monoOptions --debugger-agent=transport=dt_socket,embedding=1,server=y,suspend=n,address=127.0.0.1:56876
Begin MonoManager ReloadAssembly
Registering precompiled unity dll's ...
Register platform support module: C:/Program Files/Unity/Hub/Editor/2021.3.23f1/Editor/Data/PlaybackEngines/WindowsStandaloneSupport/UnityEditor.WindowsStandalone.Extensions.dll
Registered in 0.014851 seconds.
Native extension for WindowsStandalone target not found
Refreshing native plugins compatible for Editor in 84.29 ms, found 3 plugins.
Preloading 0 native plugins for Editor in 0.00 ms.
Mono: successfully reloaded assembly
- Completed reload, in  0.679 seconds
Domain Reload Profiling:
	ReloadAssembly (679ms)
		BeginReloadAssembly (115ms)
			ExecutionOrderSort (0ms)
			DisableScriptedObjects (0ms)
			BackupInstance (0ms)
			ReleaseScriptingObjects (0ms)
			CreateAndSetChildDomain (1ms)
		EndReloadAssembly (448ms)
			LoadAssemblies (110ms)
			RebuildTransferFunctionScriptingTraits (0ms)
			SetupTypeCache (108ms)
			ReleaseScriptCaches (0ms)
			RebuildScriptCaches (27ms)
			SetupLoadedEditorAssemblies (260ms)
				LogAssemblyErrors (0ms)
				InitializePlatformSupportModulesInManaged (10ms)
				SetLoadedEditorAssemblies (0ms)
				RefreshPlugins (84ms)
				BeforeProcessingInitializeOnLoad (1ms)
				ProcessInitializeOnLoadAttributes (112ms)
				ProcessInitializeOnLoadMethodAttributes (52ms)
				AfterProcessingInitializeOnLoad (0ms)
				EditorAssembliesLoaded (0ms)
			ExecutionOrderSort2 (0ms)
			AwakeInstancesAfterBackupRestoration (0ms)
Platform modules already initialized, skipping
Registering precompiled user dll's ...
Registered in 0.009901 seconds.
Begin MonoManager ReloadAssembly
Symbol file LoadedFromMemory doesn't match image C:\Users\Administrator\Documents\Unity3D\GameFrameWork\Library\PackageCache\com.unity.visualscripting@1.8.0\Editor\VisualScripting.Core\Dependencies\YamlDotNet\Unity.VisualScripting.YamlDotNet.dll
Symbol file LoadedFromMemory doesn't match image C:\Users\Administrator\Documents\Unity3D\GameFrameWork\Library\PackageCache\com.unity.visualscripting@1.8.0\Editor\VisualScripting.Core\Dependencies\DotNetZip\Unity.VisualScripting.IonicZip.dll
Native extension for WindowsStandalone target not found
Refreshing native plugins compatible for Editor in 79.30 ms, found 3 plugins.
Preloading 0 native plugins for Editor in 0.00 ms.
Mono: successfully reloaded assembly
- Completed reload, in  1.364 seconds
Domain Reload Profiling:
	ReloadAssembly (1364ms)
		BeginReloadAssembly (145ms)
			ExecutionOrderSort (0ms)
			DisableScriptedObjects (5ms)
			BackupInstance (0ms)
			ReleaseScriptingObjects (0ms)
			CreateAndSetChildDomain (18ms)
		EndReloadAssembly (1098ms)
			LoadAssemblies (135ms)
			RebuildTransferFunctionScriptingTraits (0ms)
			SetupTypeCache (366ms)
			ReleaseScriptCaches (1ms)
			RebuildScriptCaches (69ms)
			SetupLoadedEditorAssemblies (493ms)
				LogAssemblyErrors (0ms)
				InitializePlatformSupportModulesInManaged (6ms)
				SetLoadedEditorAssemblies (0ms)
				RefreshPlugins (79ms)
				BeforeProcessingInitializeOnLoad (95ms)
				ProcessInitializeOnLoadAttributes (232ms)
				ProcessInitializeOnLoadMethodAttributes (65ms)
				AfterProcessingInitializeOnLoad (15ms)
				EditorAssembliesLoaded (0ms)
			ExecutionOrderSort2 (0ms)
			AwakeInstancesAfterBackupRestoration (14ms)
Platform modules already initialized, skipping
========================================================================
Worker process is ready to serve import requests
Launched and connected shader compiler UnityShaderCompiler.exe after 0.14 seconds
Refreshing native plugins compatible for Editor in 1.22 ms, found 3 plugins.
Preloading 0 native plugins for Editor in 0.00 ms.
Unloading 3609 Unused Serialized files (Serialized files now loaded: 0)
Unloading 86 unused Assets / (10.8 MB). Loaded Objects now: 4007.
Memory consumption went from 163.4 MB to 152.6 MB.
Total: 9.799900 ms (FindLiveObjects: 0.861900 ms CreateObjectMapping: 0.279100 ms MarkObjects: 3.851900 ms  DeleteObjects: 4.806300 ms)

AssetImportParameters requested are different than current active one (requested -> active):
  custom:video-decoder-ogg-theora: a1e56fd34408186e4bbccfd4996cb3dc -> 
  custom:container-muxer-webm: aa71ff27fc2769a1b78a27578f13a17b -> 
  custom:container-demuxer-webm: 4f35f7cbe854078d1ac9338744f61a02 -> 
  custom:video-encoder-webm-vp8: eb34c28f22e8b96e1ab97ce403110664 -> 
  custom:audio-encoder-webm-vorbis: bf7c407c2cedff20999df2af8eb42d56 -> 
  custom:framework-win-MediaFoundation: 216162199b28c13a410421893ffa2e32 -> 
  custom:container-demuxer-ogg: 62fdf1f143b41e24485cea50d1cbac27 -> 
  custom:video-decoder-webm-vp8: 9c59270c3fd7afecdb556c50c9e8de78 -> 
  custom:audio-decoder-ogg-vorbis: bf7c407c2cedff20999df2af8eb42d56 -> 
========================================================================
Received Import Request.
  Time since last request: 458027.628358 seconds.
  path: Assets/Materials/SendBack.mat
  artifactKey: Guid(8efa94a7c6dba624a972e80eb4026674) Importer(815301076,1909f56bfc062723c751e8b465ee728b)
Start importing Assets/Materials/SendBack.mat using Guid(8efa94a7c6dba624a972e80eb4026674) Importer(815301076,1909f56bfc062723c751e8b465ee728b)  -> (artifact id: 'd5c39a9066c989181f2f75abad1f44a7') in 0.195438 seconds 
========================================================================
Received Import Request.
  Time since last request: 0.000029 seconds.
  path: Assets/Prefabs/GreateSword_UnityChan.prefab
  artifactKey: Guid(145a02720a1b25b49ac6f156c5bd746e) Importer(815301076,1909f56bfc062723c751e8b465ee728b)
Start importing Assets/Prefabs/GreateSword_UnityChan.prefab using Guid(145a02720a1b25b49ac6f156c5bd746e) Importer(815301076,1909f56bfc062723c751e8b465ee728b)  -> (artifact id: '701de34852b24ab1c7747f3373998be4') in 0.105925 seconds 
========================================================================
Received Import Request.
  Time since last request: 0.000026 seconds.
  path: Assets/Hovl Studio/AOE Magic spells Vol.1
  artifactKey: Guid(2a4a2ba7ad107514592eb523ce27a19e) Importer(815301076,1909f56bfc062723c751e8b465ee728b)
Start importing Assets/Hovl Studio/AOE Magic spells Vol.1 using Guid(2a4a2ba7ad107514592eb523ce27a19e) Importer(815301076,1909f56bfc062723c751e8b465ee728b)  -> (artifact id: 'e3fe75a4ccb9c66a2985a4b74ddf97d9') in 0.008159 seconds 
========================================================================
Received Prepare
Registering precompiled user dll's ...
Registered in 0.008102 seconds.
Begin MonoManager ReloadAssembly
Symbol file LoadedFromMemory doesn't match image C:\Users\Administrator\Documents\Unity3D\GameFrameWork\Library\PackageCache\com.unity.visualscripting@1.8.0\Editor\VisualScripting.Core\Dependencies\YamlDotNet\Unity.VisualScripting.YamlDotNet.dll
Symbol file LoadedFromMemory doesn't match image C:\Users\Administrator\Documents\Unity3D\GameFrameWork\Library\PackageCache\com.unity.visualscripting@1.8.0\Editor\VisualScripting.Core\Dependencies\DotNetZip\Unity.VisualScripting.IonicZip.dll
Native extension for WindowsStandalone target not found
Refreshing native plugins compatible for Editor in 0.78 ms, found 3 plugins.
Preloading 0 native plugins for Editor in 0.00 ms.
Mono: successfully reloaded assembly
- Completed reload, in  1.285 seconds
Domain Reload Profiling:
	ReloadAssembly (1286ms)
		BeginReloadAssembly (215ms)
			ExecutionOrderSort (0ms)
			DisableScriptedObjects (6ms)
			BackupInstance (0ms)
			ReleaseScriptingObjects (0ms)
			CreateAndSetChildDomain (50ms)
		EndReloadAssembly (948ms)
			LoadAssemblies (170ms)
			RebuildTransferFunctionScriptingTraits (0ms)
			SetupTypeCache (321ms)
			ReleaseScriptCaches (1ms)
			RebuildScriptCaches (48ms)
			SetupLoadedEditorAssemblies (406ms)
				LogAssemblyErrors (0ms)
				InitializePlatformSupportModulesInManaged (9ms)
				SetLoadedEditorAssemblies (0ms)
				RefreshPlugins (1ms)
				BeforeProcessingInitializeOnLoad (92ms)
				ProcessInitializeOnLoadAttributes (216ms)
				ProcessInitializeOnLoadMethodAttributes (72ms)
				AfterProcessingInitializeOnLoad (16ms)
				EditorAssembliesLoaded (0ms)
			ExecutionOrderSort2 (0ms)
			AwakeInstancesAfterBackupRestoration (17ms)
Platform modules already initialized, skipping
Refreshing native plugins compatible for Editor in 2.85 ms, found 3 plugins.
Preloading 0 native plugins for Editor in 0.00 ms.
Unloading 3538 Unused Serialized files (Serialized files now loaded: 0)
Unloading 79 unused Assets / (10.8 MB). Loaded Objects now: 4056.
Memory consumption went from 173.5 MB to 162.7 MB.
Total: 9.654100 ms (FindLiveObjects: 0.392500 ms CreateObjectMapping: 0.427000 ms MarkObjects: 2.495400 ms  DeleteObjects: 6.337900 ms)

AssetImportParameters requested are different than current active one (requested -> active):
  custom:video-decoder-ogg-theora: a1e56fd34408186e4bbccfd4996cb3dc -> 
  custom:container-muxer-webm: aa71ff27fc2769a1b78a27578f13a17b -> 
  custom:container-demuxer-webm: 4f35f7cbe854078d1ac9338744f61a02 -> 
  custom:video-encoder-webm-vp8: eb34c28f22e8b96e1ab97ce403110664 -> 
  custom:audio-encoder-webm-vorbis: bf7c407c2cedff20999df2af8eb42d56 -> 
  custom:framework-win-MediaFoundation: 216162199b28c13a410421893ffa2e32 -> 
  custom:container-demuxer-ogg: 62fdf1f143b41e24485cea50d1cbac27 -> 
  custom:video-decoder-webm-vp8: 9c59270c3fd7afecdb556c50c9e8de78 -> 
  custom:audio-decoder-ogg-vorbis: bf7c407c2cedff20999df2af8eb42d56 -> 
========================================================================
Received Import Request.
  Time since last request: 1147.081679 seconds.
  path: Assets/ARPG Effects/Materials/Icons/icon_question.mat
  artifactKey: Guid(8d246c05b78ef3f4ba041fe701040cf3) Importer(815301076,1909f56bfc062723c751e8b465ee728b)
Start importing Assets/ARPG Effects/Materials/Icons/icon_question.mat using Guid(8d246c05b78ef3f4ba041fe701040cf3) Importer(815301076,1909f56bfc062723c751e8b465ee728b)  -> (artifact id: '284ea6ae87cb1e3334aa238da969a52a') in 0.399901 seconds 
========================================================================
Received Import Request.
  Time since last request: 0.000026 seconds.
  path: Assets/ARPG Effects/Materials/Icons/icon_w_exclamation.mat
  artifactKey: Guid(ef8f7c1325fe7b44ebce17e449c654fd) Importer(815301076,1909f56bfc062723c751e8b465ee728b)
Start importing Assets/ARPG Effects/Materials/Icons/icon_w_exclamation.mat using Guid(ef8f7c1325fe7b44ebce17e449c654fd) Importer(815301076,1909f56bfc062723c751e8b465ee728b)  -> (artifact id: '2fb5bfefd9a32de36dfd516300437ea7') in 0.035431 seconds 
========================================================================
Received Import Request.
  Time since last request: 0.000037 seconds.
  path: Assets/ARPG Effects/Materials/Icons/icon_w_speech.mat
  artifactKey: Guid(b16a7c5ce461ff84fb250f6350c3ae53) Importer(815301076,1909f56bfc062723c751e8b465ee728b)
Start importing Assets/ARPG Effects/Materials/Icons/icon_w_speech.mat using Guid(b16a7c5ce461ff84fb250f6350c3ae53) Importer(815301076,1909f56bfc062723c751e8b465ee728b)  -> (artifact id: '490c2a614505a3c44dc0a689cd76af48') in 0.039050 seconds 
========================================================================
Received Import Request.
  Time since last request: 0.000026 seconds.
  path: Assets/ARPG Effects/Materials/Loot/chestrays_mod.mat
  artifactKey: Guid(1378d53759320604b87753a4c5be375d) Importer(815301076,1909f56bfc062723c751e8b465ee728b)
Start importing Assets/ARPG Effects/Materials/Loot/chestrays_mod.mat using Guid(1378d53759320604b87753a4c5be375d) Importer(815301076,1909f56bfc062723c751e8b465ee728b)  -> (artifact id: '289feaa43871f52e7b914d6a8ce49c65') in 0.083643 seconds 
========================================================================
Received Import Request.
  Time since last request: 0.000047 seconds.
  path: Assets/ARPG Effects/Materials/Icons/icon_reward.mat
  artifactKey: Guid(4ae23b81f9e9981428f9ba239b7ca8ab) Importer(815301076,1909f56bfc062723c751e8b465ee728b)
Start importing Assets/ARPG Effects/Materials/Icons/icon_reward.mat using Guid(4ae23b81f9e9981428f9ba239b7ca8ab) Importer(815301076,1909f56bfc062723c751e8b465ee728b)  -> (artifact id: '03434e62be68ee56ff32130919ca12d6') in 0.037660 seconds 
========================================================================
Received Import Request.
  Time since last request: 0.000050 seconds.
  path: Assets/ARPG Effects/Materials/Loot/runeword03.mat
  artifactKey: Guid(815176d121108164b97ce8cc31e0f4ef) Importer(815301076,1909f56bfc062723c751e8b465ee728b)
Start importing Assets/ARPG Effects/Materials/Loot/runeword03.mat using Guid(815176d121108164b97ce8cc31e0f4ef) Importer(815301076,1909f56bfc062723c751e8b465ee728b)  -> (artifact id: 'fca9aaf04702149aab887eb26842d988') in 0.043202 seconds 
========================================================================
Received Import Request.
  Time since last request: 0.000041 seconds.
  path: Assets/ARPG Effects/Materials/Fire/fire_magic_16x5.mat
  artifactKey: Guid(96217e136f51c4a40afacd72a204ff76) Importer(815301076,1909f56bfc062723c751e8b465ee728b)
Start importing Assets/ARPG Effects/Materials/Fire/fire_magic_16x5.mat using Guid(96217e136f51c4a40afacd72a204ff76) Importer(815301076,1909f56bfc062723c751e8b465ee728b)  -> (artifact id: 'b4139e0f774564904428c904279841cc') in 0.059877 seconds 
========================================================================
Received Import Request.
  Time since last request: 0.000049 seconds.
  path: Assets/ARPG Effects/Materials/Fire/fire_torch_magic_16x4.mat
  artifactKey: Guid(90d5dd77828bb63499fc51c85da086b6) Importer(815301076,1909f56bfc062723c751e8b465ee728b)
Start importing Assets/ARPG Effects/Materials/Fire/fire_torch_magic_16x4.mat using Guid(90d5dd77828bb63499fc51c85da086b6) Importer(815301076,1909f56bfc062723c751e8b465ee728b)  -> (artifact id: '3050aa2584103f577f0981afedd2e64b') in 0.056594 seconds 
========================================================================
Received Import Request.
  Time since last request: 0.000025 seconds.
  path: Assets/ARPG Effects/Materials/Icons/icon_w_question.mat
  artifactKey: Guid(672438504ab172c42be113be93910d08) Importer(815301076,1909f56bfc062723c751e8b465ee728b)
Start importing Assets/ARPG Effects/Materials/Icons/icon_w_question.mat using Guid(672438504ab172c42be113be93910d08) Importer(815301076,1909f56bfc062723c751e8b465ee728b)  -> (artifact id: '69b302ebb1b0d00ba594186363ef90f2') in 0.048590 seconds 
========================================================================
Received Import Request.
  Time since last request: 0.000029 seconds.
  path: Assets/ARPG Effects/Materials/Fire/fire_natural_16x5.mat
  artifactKey: Guid(0270fe8166b244242a2ccaa20f4c6d93) Importer(815301076,1909f56bfc062723c751e8b465ee728b)
Start importing Assets/ARPG Effects/Materials/Fire/fire_natural_16x5.mat using Guid(0270fe8166b244242a2ccaa20f4c6d93) Importer(815301076,1909f56bfc062723c751e8b465ee728b)  -> (artifact id: '1cbadcd6fdcc50f41e9eb834f59757ca') in 0.055334 seconds 
========================================================================
Received Import Request.
  Time since last request: 5.477317 seconds.
  path: Assets/ARPG Effects/Materials/Misc/character_ring.mat
  artifactKey: Guid(401f0b9791f977d448220aa74dc47fe6) Importer(815301076,1909f56bfc062723c751e8b465ee728b)
Start importing Assets/ARPG Effects/Materials/Misc/character_ring.mat using Guid(401f0b9791f977d448220aa74dc47fe6) Importer(815301076,1909f56bfc062723c751e8b465ee728b)  -> (artifact id: '092b2171a877caec56bde604bd946e8b') in 0.037255 seconds 
========================================================================
Received Import Request.
  Time since last request: 0.000018 seconds.
  path: Assets/ARPG Effects/Materials/Misc/levelup_ring.mat
  artifactKey: Guid(0071ae0616a82f6438a69cec60e8e15e) Importer(815301076,1909f56bfc062723c751e8b465ee728b)
Start importing Assets/ARPG Effects/Materials/Misc/levelup_ring.mat using Guid(0071ae0616a82f6438a69cec60e8e15e) Importer(815301076,1909f56bfc062723c751e8b465ee728b)  -> (artifact id: '6fa7c3dae7eb8656c54cfc7b9459ef30') in 0.149439 seconds 
========================================================================
Received Import Request.
  Time since last request: 0.000042 seconds.
  path: Assets/ARPG Effects/Materials/Misc/rain_impact.mat
  artifactKey: Guid(c76697546db67bb4ba55f3c4b869ad34) Importer(815301076,1909f56bfc062723c751e8b465ee728b)
Start importing Assets/ARPG Effects/Materials/Misc/rain_impact.mat using Guid(c76697546db67bb4ba55f3c4b869ad34) Importer(815301076,1909f56bfc062723c751e8b465ee728b)  -> (artifact id: 'dfb4cb1f6923422ca0aec47eb193ef54') in 0.044397 seconds 
========================================================================
Received Import Request.
  Time since last request: 0.000020 seconds.
  path: Assets/ARPG Effects/Materials/Misc/shield.mat
  artifactKey: Guid(b0cbc994c19e7a044996d84b219bc432) Importer(815301076,1909f56bfc062723c751e8b465ee728b)
Start importing Assets/ARPG Effects/Materials/Misc/shield.mat using Guid(b0cbc994c19e7a044996d84b219bc432) Importer(815301076,1909f56bfc062723c751e8b465ee728b)  -> (artifact id: '1d6a59b6a0fc6de99c0d79b127ecb587') in 0.040056 seconds 
========================================================================
Received Import Request.
  Time since last request: 0.000073 seconds.
  path: Assets/ARPG Effects/Materials/Misc/verticalgradient.mat
  artifactKey: Guid(e4906ea80057c1641be1eec94906cddd) Importer(815301076,1909f56bfc062723c751e8b465ee728b)
Start importing Assets/ARPG Effects/Materials/Misc/verticalgradient.mat using Guid(e4906ea80057c1641be1eec94906cddd) Importer(815301076,1909f56bfc062723c751e8b465ee728b)  -> (artifact id: 'bddb442ed4533d7f38d5925b1d0a0f92') in 0.042763 seconds 
========================================================================
Received Import Request.
  Time since last request: 0.000019 seconds.
  path: Assets/ARPG Effects/Materials/Misc/leaf_birch.mat
  artifactKey: Guid(7f0c595ec8bf59040aba393b525eacb1) Importer(815301076,1909f56bfc062723c751e8b465ee728b)
Start importing Assets/ARPG Effects/Materials/Misc/leaf_birch.mat using Guid(7f0c595ec8bf59040aba393b525eacb1) Importer(815301076,1909f56bfc062723c751e8b465ee728b)  -> (artifact id: '746949020e27e1c0b25bb2a8f16085e9') in 3.395236 seconds 
========================================================================
Received Import Request.
  Time since last request: 0.000069 seconds.
  path: Assets/ARPG Effects/Materials/Quest Markers/questmarker_yellow.mat
  artifactKey: Guid(bdff5c76d21f1884f8cd6291084b1fc8) Importer(815301076,1909f56bfc062723c751e8b465ee728b)
Start importing Assets/ARPG Effects/Materials/Quest Markers/questmarker_yellow.mat using Guid(bdff5c76d21f1884f8cd6291084b1fc8) Importer(815301076,1909f56bfc062723c751e8b465ee728b)  -> (artifact id: '0b8ef1445a14838247d47fa9632fa191') in 0.052719 seconds 
========================================================================
Received Import Request.
  Time since last request: 0.000051 seconds.
  path: Assets/ARPG Effects/Materials/Portals/portal_red.mat
  artifactKey: Guid(8588b6f0fd504f748b864f59c5c42e49) Importer(815301076,1909f56bfc062723c751e8b465ee728b)
Start importing Assets/ARPG Effects/Materials/Portals/portal_red.mat using Guid(8588b6f0fd504f748b864f59c5c42e49) Importer(815301076,1909f56bfc062723c751e8b465ee728b)  -> (artifact id: '9c8c7e350e05e6213bb37813b590d2c3') in 0.602369 seconds 
========================================================================
Received Import Request.
  Time since last request: 0.000055 seconds.
  path: Assets/ARPG Effects/Materials/Orbs/OrbGlow.mat
  artifactKey: Guid(2d8b91518ccbaa545b00ba8e58594a33) Importer(815301076,1909f56bfc062723c751e8b465ee728b)
Start importing Assets/ARPG Effects/Materials/Orbs/OrbGlow.mat using Guid(2d8b91518ccbaa545b00ba8e58594a33) Importer(815301076,1909f56bfc062723c751e8b465ee728b)  -> (artifact id: 'b9b3cd31a41770d38fa8804e49fb620f') in 0.058453 seconds 
========================================================================
Received Import Request.
  Time since last request: 0.000084 seconds.
  path: Assets/ARPG Effects/Materials/Portals/portal_blue.mat
  artifactKey: Guid(6ce0b77f1ce62ba4ebc86b1f87eb2ba3) Importer(815301076,1909f56bfc062723c751e8b465ee728b)
Start importing Assets/ARPG Effects/Materials/Portals/portal_blue.mat using Guid(6ce0b77f1ce62ba4ebc86b1f87eb2ba3) Importer(815301076,1909f56bfc062723c751e8b465ee728b)  -> (artifact id: '1ea8181917e5dcc219b30da7487c2b2b') in 0.560358 seconds 
========================================================================
Received Import Request.
  Time since last request: 0.000021 seconds.
  path: Assets/ARPG Effects/Materials/Orbs/OrbWater 1.mat
  artifactKey: Guid(3e62563baf6961040b4299740acb79a7) Importer(815301076,1909f56bfc062723c751e8b465ee728b)
Start importing Assets/ARPG Effects/Materials/Orbs/OrbWater 1.mat using Guid(3e62563baf6961040b4299740acb79a7) Importer(815301076,1909f56bfc062723c751e8b465ee728b)  -> (artifact id: '3b689f19ee87c741a10fc2c81905760e') in 2.733247 seconds 
========================================================================
Received Import Request.
  Time since last request: 0.000045 seconds.
  path: Assets/ARPG Effects/Materials/Portals/portal_green.mat
  artifactKey: Guid(1773e254d7beeb040a8aff3f70ae99ba) Importer(815301076,1909f56bfc062723c751e8b465ee728b)
Start importing Assets/ARPG Effects/Materials/Portals/portal_green.mat using Guid(1773e254d7beeb040a8aff3f70ae99ba) Importer(815301076,1909f56bfc062723c751e8b465ee728b)  -> (artifact id: '98cf2ba93437bd1e82926b158af2e141') in 0.352787 seconds 
========================================================================
Received Import Request.
  Time since last request: 0.000068 seconds.
  path: Assets/ARPG Effects/Materials/Quest Markers/questmarker_green.mat
  artifactKey: Guid(f72b440b5e475f1438fb9df8f4037ade) Importer(815301076,1909f56bfc062723c751e8b465ee728b)
Start importing Assets/ARPG Effects/Materials/Quest Markers/questmarker_green.mat using Guid(f72b440b5e475f1438fb9df8f4037ade) Importer(815301076,1909f56bfc062723c751e8b465ee728b)  -> (artifact id: '028033b5fc1824566edc326e0d13ae72') in 0.124420 seconds 
Editor requested this worker to shutdown with reason: Scaling down because of idle timeout
AssetImportWorker is now disconnected from the server
Process exiting
Exiting without the bug reporter. Application will terminate with return code 0